============================= test session starts ==============================
platform linux -- Python 3.8.0, pytest-6.1.1, py-1.9.0, pluggy-0.13.1
rootdir: /dc-app-performance-toolkit/app
plugins: apiritif-0.9.5
collected 14 items

selenium_ui/jira_ui.py first driver inits
1605865009413,1066,selenium_login:open_login_page,Success,True
1605865011273,1859,selenium_login:login_and_view_dashboard,Success,True
1605865011273,2926,selenium_login,Success,True
.test_0_selenium_a_login,Total:1 Passed:1 Failed:0
1605865011554,257,selenium_browse_projects_list,Success,True
.test_1_selenium_browse_projects_list,Total:2 Passed:2 Failed:0
1605865011908,352,selenium_browse_boards_list,Success,True
.test_1_selenium_browse_boards_list,Total:3 Passed:3 Failed:0
1605865012732,815,selenium_create_issue:open_quick_create,Success,True
1605865014033,614,selenium_create_issue:fill_and_submit_issue_form:submit_issue_form,Success,True
1605865014033,1300,selenium_create_issue:fill_and_submit_issue_form,Success,True
1605865014033,2116,selenium_create_issue,Success,True
.test_1_selenium_create_issue,Total:4 Passed:4 Failed:0
1605865014522,474,selenium_edit_issue:open_edit_issue_form,Success,True
1605865015623,547,selenium_edit_issue:save_edit_issue_form,Success,True
1605865015623,1575,selenium_edit_issue,Success,True
.test_1_selenium_edit_issue,Total:5 Passed:5 Failed:0
1605865015890,265,selenium_save_comment:open_comment_form,Success,True
1605865016913,834,selenium_save_comment:submit_form,Success,True
1605865016913,1288,selenium_save_comment,Success,True
.test_1_selenium_save_comment,Total:6 Passed:6 Failed:0
1605865019208,2294,selenium_search_jql,Success,True
.test_1_selenium_search_jql,Total:7 Passed:7 Failed:0
1605865020167,957,selenium_view_scrum_board_backlog,Success,True
.test_1_selenium_view_backlog_for_scrum_board,Total:8 Passed:8 Failed:0
1605865021116,948,selenium_view_scrum_board,Success,True
.test_1_selenium_view_scrum_board,Total:9 Passed:9 Failed:0
1605865021928,810,selenium_view_kanban_board,Success,True
.test_1_selenium_view_kanban_board,Total:10 Passed:10 Failed:0
1605865022198,269,selenium_view_dashboard,Success,True
.test_1_selenium_view_dashboard,Total:11 Passed:11 Failed:0
1605865022814,613,selenium_view_issue,Success,True
.test_1_selenium_view_issue,Total:12 Passed:12 Failed:0
1605865023510,694,selenium_project_summary,Success,True
.test_1_selenium_view_project_summary,Total:13 Passed:13 Failed:0
1605865023903,391,selenium_log_out,Success,True
.test_2_selenium_z_log_out,Total:14 Passed:14 Failed:0


=============================== warnings summary ===============================
../../usr/local/lib/python3.8/dist-packages/_pytest/config/__init__.py:1114
  /usr/local/lib/python3.8/dist-packages/_pytest/config/__init__.py:1114: PytestAssertRewriteWarning: Module already imported so cannot be rewritten: apiritif
    self._mark_plugins_for_rewrite(hook)

-- Docs: https://docs.pytest.org/en/stable/warnings.html
======================== 14 passed, 1 warning in 16.81s ========================
============================= test session starts ==============================
platform linux -- Python 3.8.0, pytest-6.1.1, py-1.9.0, pluggy-0.13.1
rootdir: /dc-app-performance-toolkit/app
plugins: apiritif-0.9.5
collected 14 items

selenium_ui/jira_ui.py get driver from global
1605865024067,114,selenium_login:open_login_page,Success,True
1605865025241,1174,selenium_login:login_and_view_dashboard,Success,True
1605865025241,1289,selenium_login,Success,True
.test_0_selenium_a_login,Total:15 Passed:15 Failed:0
1605865025696,314,selenium_browse_projects_list,Success,True
.test_1_selenium_browse_projects_list,Total:16 Passed:16 Failed:0
1605865026046,348,selenium_browse_boards_list,Success,True
.test_1_selenium_browse_boards_list,Total:17 Passed:17 Failed:0
1605865026834,779,selenium_create_issue:open_quick_create,Success,True
1605865027989,616,selenium_create_issue:fill_and_submit_issue_form:submit_issue_form,Success,True
1605865027989,1154,selenium_create_issue:fill_and_submit_issue_form,Success,True
1605865027989,1934,selenium_create_issue,Success,True
.test_1_selenium_create_issue,Total:18 Passed:18 Failed:0
1605865028538,536,selenium_edit_issue:open_edit_issue_form,Success,True
1605865029618,621,selenium_edit_issue:save_edit_issue_form,Success,True
1605865029618,1615,selenium_edit_issue,Success,True
.test_1_selenium_edit_issue,Total:19 Passed:19 Failed:0
1605865029932,312,selenium_save_comment:open_comment_form,Success,True
1605865030929,835,selenium_save_comment:submit_form,Success,True
1605865030929,1309,selenium_save_comment,Success,True
.test_1_selenium_save_comment,Total:20 Passed:20 Failed:0
1605865032462,1531,selenium_search_jql,Success,True
.test_1_selenium_search_jql,Total:21 Passed:21 Failed:0
1605865033344,881,selenium_view_scrum_board_backlog,Success,True
.test_1_selenium_view_backlog_for_scrum_board,Total:22 Passed:22 Failed:0
1605865034136,789,selenium_view_scrum_board,Success,True
.test_1_selenium_view_scrum_board,Total:23 Passed:23 Failed:0
1605865035077,940,selenium_view_kanban_board,Success,True
.test_1_selenium_view_kanban_board,Total:24 Passed:24 Failed:0
1605865035514,436,selenium_view_dashboard,Success,True
.test_1_selenium_view_dashboard,Total:25 Passed:25 Failed:0
1605865036096,581,selenium_view_issue,Success,True
.test_1_selenium_view_issue,Total:26 Passed:26 Failed:0
1605865036553,455,selenium_project_summary,Success,True
.test_1_selenium_view_project_summary,Total:27 Passed:27 Failed:0
1605865036973,418,selenium_log_out,Success,True
.test_2_selenium_z_log_out,Total:28 Passed:28 Failed:0


=============================== warnings summary ===============================
../../usr/local/lib/python3.8/dist-packages/_pytest/config/__init__.py:1114
  /usr/local/lib/python3.8/dist-packages/_pytest/config/__init__.py:1114: PytestAssertRewriteWarning: Module already imported so cannot be rewritten: apiritif
    self._mark_plugins_for_rewrite(hook)

-- Docs: https://docs.pytest.org/en/stable/warnings.html
======================== 14 passed, 1 warning in 13.03s ========================
============================= test session starts ==============================
platform linux -- Python 3.8.0, pytest-6.1.1, py-1.9.0, pluggy-0.13.1
rootdir: /dc-app-performance-toolkit/app
plugins: apiritif-0.9.5
collected 14 items

selenium_ui/jira_ui.py get driver from global
1605865037141,120,selenium_login:open_login_page,Success,True
1605865038353,1212,selenium_login:login_and_view_dashboard,Success,True
1605865038353,1332,selenium_login,Success,True
.test_0_selenium_a_login,Total:29 Passed:29 Failed:0
1605865038741,264,selenium_browse_projects_list,Success,True
.test_1_selenium_browse_projects_list,Total:30 Passed:30 Failed:0
1605865039019,276,selenium_browse_boards_list,Success,True
.test_1_selenium_browse_boards_list,Total:31 Passed:31 Failed:0
1605865039791,762,selenium_create_issue:open_quick_create,Success,True
1605865040966,618,selenium_create_issue:fill_and_submit_issue_form:submit_issue_form,Success,True
1605865040966,1175,selenium_create_issue:fill_and_submit_issue_form,Success,True
1605865040966,1938,selenium_create_issue,Success,True
.test_1_selenium_create_issue,Total:32 Passed:32 Failed:0
1605865041521,541,selenium_edit_issue:open_edit_issue_form,Success,True
1605865042546,549,selenium_edit_issue:save_edit_issue_form,Success,True
1605865042546,1565,selenium_edit_issue,Success,True
.test_1_selenium_edit_issue,Total:33 Passed:33 Failed:0
1605865042945,398,selenium_save_comment:open_comment_form,Success,True
1605865043838,738,selenium_save_comment:submit_form,Success,True
1605865043838,1290,selenium_save_comment,Success,True
.test_1_selenium_save_comment,Total:34 Passed:34 Failed:0
1605865045331,1492,selenium_search_jql,Success,True
.test_1_selenium_search_jql,Total:35 Passed:35 Failed:0
1605865046716,1384,selenium_view_scrum_board_backlog,Success,True
.test_1_selenium_view_backlog_for_scrum_board,Total:36 Passed:36 Failed:0
1605865047500,781,selenium_view_scrum_board,Success,True
.test_1_selenium_view_scrum_board,Total:37 Passed:37 Failed:0
1605865048724,1222,selenium_view_kanban_board,Success,True
.test_1_selenium_view_kanban_board,Total:38 Passed:38 Failed:0
1605865049205,480,selenium_view_dashboard,Success,True
.test_1_selenium_view_dashboard,Total:39 Passed:39 Failed:0
1605865049822,615,selenium_view_issue,Success,True
.test_1_selenium_view_issue,Total:40 Passed:40 Failed:0
1605865050388,565,selenium_project_summary,Success,True
.test_1_selenium_view_project_summary,Total:41 Passed:41 Failed:0
1605865050710,320,selenium_log_out,Success,True
.test_2_selenium_z_log_out,Total:42 Passed:42 Failed:0


=============================== warnings summary ===============================
../../usr/local/lib/python3.8/dist-packages/_pytest/config/__init__.py:1114
  /usr/local/lib/python3.8/dist-packages/_pytest/config/__init__.py:1114: PytestAssertRewriteWarning: Module already imported so cannot be rewritten: apiritif
    self._mark_plugins_for_rewrite(hook)

-- Docs: https://docs.pytest.org/en/stable/warnings.html
======================== 14 passed, 1 warning in 13.70s ========================
============================= test session starts ==============================
platform linux -- Python 3.8.0, pytest-6.1.1, py-1.9.0, pluggy-0.13.1
rootdir: /dc-app-performance-toolkit/app
plugins: apiritif-0.9.5
collected 14 items

selenium_ui/jira_ui.py get driver from global
1605865050870,110,selenium_login:open_login_page,Success,True
1605865052159,1289,selenium_login:login_and_view_dashboard,Success,True
1605865052160,1400,selenium_login,Success,True
.test_0_selenium_a_login,Total:43 Passed:43 Failed:0
1605865052505,300,selenium_browse_projects_list,Success,True
.test_1_selenium_browse_projects_list,Total:44 Passed:44 Failed:0
1605865052781,275,selenium_browse_boards_list,Success,True
.test_1_selenium_browse_boards_list,Total:45 Passed:45 Failed:0
1605865053567,776,selenium_create_issue:open_quick_create,Success,True
1605865054754,613,selenium_create_issue:fill_and_submit_issue_form:submit_issue_form,Success,True
1605865054754,1187,selenium_create_issue:fill_and_submit_issue_form,Success,True
1605865054754,1964,selenium_create_issue,Success,True
.test_1_selenium_create_issue,Total:46 Passed:46 Failed:0
1605865055299,532,selenium_edit_issue:open_edit_issue_form,Success,True
1605865056448,653,selenium_edit_issue:save_edit_issue_form,Success,True
1605865056448,1681,selenium_edit_issue,Success,True
.test_1_selenium_edit_issue,Total:47 Passed:47 Failed:0
1605865056726,275,selenium_save_comment:open_comment_form,Success,True
1605865057692,777,selenium_save_comment:submit_form,Success,True
1605865057692,1242,selenium_save_comment,Success,True
.test_1_selenium_save_comment,Total:48 Passed:48 Failed:0
1605865059453,1759,selenium_search_jql,Success,True
.test_1_selenium_search_jql,Total:49 Passed:49 Failed:0
1605865060260,805,selenium_view_scrum_board_backlog,Success,True
.test_1_selenium_view_backlog_for_scrum_board,Total:50 Passed:50 Failed:0
1605865061116,854,selenium_view_scrum_board,Success,True
.test_1_selenium_view_scrum_board,Total:51 Passed:51 Failed:0
1605865061915,797,selenium_view_kanban_board,Success,True
.test_1_selenium_view_kanban_board,Total:52 Passed:52 Failed:0
1605865062208,291,selenium_view_dashboard,Success,True
.test_1_selenium_view_dashboard,Total:53 Passed:53 Failed:0
1605865062915,706,selenium_view_issue,Success,True
.test_1_selenium_view_issue,Total:54 Passed:54 Failed:0
1605865063417,499,selenium_project_summary,Success,True
.test_1_selenium_view_project_summary,Total:55 Passed:55 Failed:0
1605865063786,368,selenium_log_out,Success,True
.test_2_selenium_z_log_out,Total:56 Passed:56 Failed:0


=============================== warnings summary ===============================
../../usr/local/lib/python3.8/dist-packages/_pytest/config/__init__.py:1114
  /usr/local/lib/python3.8/dist-packages/_pytest/config/__init__.py:1114: PytestAssertRewriteWarning: Module already imported so cannot be rewritten: apiritif
    self._mark_plugins_for_rewrite(hook)

-- Docs: https://docs.pytest.org/en/stable/warnings.html
======================== 14 passed, 1 warning in 13.04s ========================
============================= test session starts ==============================
platform linux -- Python 3.8.0, pytest-6.1.1, py-1.9.0, pluggy-0.13.1
rootdir: /dc-app-performance-toolkit/app
plugins: apiritif-0.9.5
collected 14 items

selenium_ui/jira_ui.py get driver from global
1605865063952,116,selenium_login:open_login_page,Success,True
1605865065122,1169,selenium_login:login_and_view_dashboard,Success,True
1605865065122,1286,selenium_login,Success,True
.test_0_selenium_a_login,Total:57 Passed:57 Failed:0
1605865065441,282,selenium_browse_projects_list,Success,True
.test_1_selenium_browse_projects_list,Total:58 Passed:58 Failed:0
1605865065721,279,selenium_browse_boards_list,Success,True
.test_1_selenium_browse_boards_list,Total:59 Passed:59 Failed:0
1605865066526,795,selenium_create_issue:open_quick_create,Success,True
1605865067738,619,selenium_create_issue:fill_and_submit_issue_form:submit_issue_form,Success,True
1605865067738,1212,selenium_create_issue:fill_and_submit_issue_form,Success,True
1605865067738,2007,selenium_create_issue,Success,True
.test_1_selenium_create_issue,Total:60 Passed:60 Failed:0
1605865068287,536,selenium_edit_issue:open_edit_issue_form,Success,True
1605865069375,595,selenium_edit_issue:save_edit_issue_form,Success,True
1605865069375,1624,selenium_edit_issue,Success,True
.test_1_selenium_edit_issue,Total:61 Passed:61 Failed:0
1605865069633,256,selenium_save_comment:open_comment_form,Success,True
1605865070996,755,selenium_save_comment:submit_form,Success,True
1605865070996,1619,selenium_save_comment,Success,True
.test_1_selenium_save_comment,Total:62 Passed:62 Failed:0
1605865072624,1627,selenium_search_jql,Success,True
.test_1_selenium_search_jql,Total:63 Passed:63 Failed:0
1605865073434,808,selenium_view_scrum_board_backlog,Success,True
.test_1_selenium_view_backlog_for_scrum_board,Total:64 Passed:64 Failed:0
1605865074237,801,selenium_view_scrum_board,Success,True
.test_1_selenium_view_scrum_board,Total:65 Passed:65 Failed:0
1605865075038,799,selenium_view_kanban_board,Success,True
.test_1_selenium_view_kanban_board,Total:66 Passed:66 Failed:0
1605865075304,264,selenium_view_dashboard,Success,True
.test_1_selenium_view_dashboard,Total:67 Passed:67 Failed:0
1605865075971,666,selenium_view_issue,Success,True
.test_1_selenium_view_issue,Total:68 Passed:68 Failed:0
1605865076411,438,selenium_project_summary,Success,True
.test_1_selenium_view_project_summary,Total:69 Passed:69 Failed:0
1605865076805,393,selenium_log_out,Success,True
.test_2_selenium_z_log_out,Total:70 Passed:70 Failed:0


=============================== warnings summary ===============================
../../usr/local/lib/python3.8/dist-packages/_pytest/config/__init__.py:1114
  /usr/local/lib/python3.8/dist-packages/_pytest/config/__init__.py:1114: PytestAssertRewriteWarning: Module already imported so cannot be rewritten: apiritif
    self._mark_plugins_for_rewrite(hook)

-- Docs: https://docs.pytest.org/en/stable/warnings.html
======================== 14 passed, 1 warning in 12.98s ========================
============================= test session starts ==============================
platform linux -- Python 3.8.0, pytest-6.1.1, py-1.9.0, pluggy-0.13.1
rootdir: /dc-app-performance-toolkit/app
plugins: apiritif-0.9.5
collected 14 items

selenium_ui/jira_ui.py get driver from global
1605865077020,166,selenium_login:open_login_page,Success,True
1605865077540,519,selenium_login:login_and_view_dashboard,Success,True
1605865077540,686,selenium_login,Success,True
.test_0_selenium_a_login,Total:71 Passed:71 Failed:0
1605865077917,366,selenium_browse_projects_list,Success,True
.test_1_selenium_browse_projects_list,Total:72 Passed:72 Failed:0
1605865078201,282,selenium_browse_boards_list,Success,True
.test_1_selenium_browse_boards_list,Total:73 Passed:73 Failed:0
1605865079020,809,selenium_create_issue:open_quick_create,Success,True
1605865080255,622,selenium_create_issue:fill_and_submit_issue_form:submit_issue_form,Success,True
1605865080255,1235,selenium_create_issue:fill_and_submit_issue_form,Success,True
1605865080255,2044,selenium_create_issue,Success,True
.test_1_selenium_create_issue,Total:74 Passed:74 Failed:0
1605865081028,759,selenium_edit_issue:open_edit_issue_form,Success,True
1605865082035,721,selenium_edit_issue:save_edit_issue_form,Success,True
1605865082036,1767,selenium_edit_issue,Success,True
.test_1_selenium_edit_issue,Total:75 Passed:75 Failed:0
1605865082284,246,selenium_save_comment:open_comment_form,Success,True
1605865083728,829,selenium_save_comment:submit_form,Success,True
1605865083728,1691,selenium_save_comment,Success,True
.test_1_selenium_save_comment,Total:76 Passed:76 Failed:0
1605865085473,1743,selenium_search_jql,Success,True
.test_1_selenium_search_jql,Total:77 Passed:77 Failed:0
1605865086507,1033,selenium_view_scrum_board_backlog,Success,True
.test_1_selenium_view_backlog_for_scrum_board,Total:78 Passed:78 Failed:0
1605865087470,961,selenium_view_scrum_board,Success,True
.test_1_selenium_view_scrum_board,Total:79 Passed:79 Failed:0
1605865088152,681,selenium_view_kanban_board,Success,True
.test_1_selenium_view_kanban_board,Total:80 Passed:80 Failed:0
1605865088722,568,selenium_view_dashboard,Success,True
.test_1_selenium_view_dashboard,Total:81 Passed:81 Failed:0
1605865089417,693,selenium_view_issue,Success,True
.test_1_selenium_view_issue,Total:82 Passed:82 Failed:0
1605865090029,610,selenium_project_summary,Success,True
.test_1_selenium_view_project_summary,Total:83 Passed:83 Failed:0
1605865090492,462,selenium_log_out,Success,True
.test_2_selenium_z_log_out,Total:84 Passed:84 Failed:0


=============================== warnings summary ===============================
../../usr/local/lib/python3.8/dist-packages/_pytest/config/__init__.py:1114
  /usr/local/lib/python3.8/dist-packages/_pytest/config/__init__.py:1114: PytestAssertRewriteWarning: Module already imported so cannot be rewritten: apiritif
    self._mark_plugins_for_rewrite(hook)

-- Docs: https://docs.pytest.org/en/stable/warnings.html
======================== 14 passed, 1 warning in 13.65s ========================
============================= test session starts ==============================
platform linux -- Python 3.8.0, pytest-6.1.1, py-1.9.0, pluggy-0.13.1
rootdir: /dc-app-performance-toolkit/app
plugins: apiritif-0.9.5
collected 14 items

selenium_ui/jira_ui.py get driver from global
1605865090716,173,selenium_login:open_login_page,Success,True
1605865092282,1566,selenium_login:login_and_view_dashboard,Success,True
1605865092282,1739,selenium_login,Success,True
.test_0_selenium_a_login,Total:85 Passed:85 Failed:0
1605865092616,308,selenium_browse_projects_list,Success,True
.test_1_selenium_browse_projects_list,Total:86 Passed:86 Failed:0
1605865093404,787,selenium_browse_boards_list,Success,True
.test_1_selenium_browse_boards_list,Total:87 Passed:87 Failed:0
1605865094229,816,selenium_create_issue:open_quick_create,Success,True
1605865095481,619,selenium_create_issue:fill_and_submit_issue_form:submit_issue_form,Success,True
1605865095481,1252,selenium_create_issue:fill_and_submit_issue_form,Success,True
1605865095481,2068,selenium_create_issue,Success,True
.test_1_selenium_create_issue,Total:88 Passed:88 Failed:0
1605865096049,553,selenium_edit_issue:open_edit_issue_form,Success,True
1605865097238,674,selenium_edit_issue:save_edit_issue_form,Success,True
1605865097238,1742,selenium_edit_issue,Success,True
.test_1_selenium_edit_issue,Total:89 Passed:89 Failed:0
1605865097619,379,selenium_save_comment:open_comment_form,Success,True
1605865098661,876,selenium_save_comment:submit_form,Success,True
1605865098661,1421,selenium_save_comment,Success,True
.test_1_selenium_save_comment,Total:90 Passed:90 Failed:0
1605865100325,1662,selenium_search_jql,Success,True
.test_1_selenium_search_jql,Total:91 Passed:91 Failed:0
1605865101346,1019,selenium_view_scrum_board_backlog,Success,True
.test_1_selenium_view_backlog_for_scrum_board,Total:92 Passed:92 Failed:0
1605865102247,899,selenium_view_scrum_board,Success,True
.test_1_selenium_view_scrum_board,Total:93 Passed:93 Failed:0
1605865103133,884,selenium_view_kanban_board,Success,True
.test_1_selenium_view_kanban_board,Total:94 Passed:94 Failed:0
1605865103536,402,selenium_view_dashboard,Success,True
.test_1_selenium_view_dashboard,Total:95 Passed:95 Failed:0
1605865104288,750,selenium_view_issue,Success,True
.test_1_selenium_view_issue,Total:96 Passed:96 Failed:0
1605865104714,425,selenium_project_summary,Success,True
.test_1_selenium_view_project_summary,Total:97 Passed:97 Failed:0
1605865105145,429,selenium_log_out,Success,True
.test_2_selenium_z_log_out,Total:98 Passed:98 Failed:0


=============================== warnings summary ===============================
../../usr/local/lib/python3.8/dist-packages/_pytest/config/__init__.py:1114
  /usr/local/lib/python3.8/dist-packages/_pytest/config/__init__.py:1114: PytestAssertRewriteWarning: Module already imported so cannot be rewritten: apiritif
    self._mark_plugins_for_rewrite(hook)

-- Docs: https://docs.pytest.org/en/stable/warnings.html
======================== 14 passed, 1 warning in 14.61s ========================
============================= test session starts ==============================
platform linux -- Python 3.8.0, pytest-6.1.1, py-1.9.0, pluggy-0.13.1
rootdir: /dc-app-performance-toolkit/app
plugins: apiritif-0.9.5
collected 14 items

selenium_ui/jira_ui.py get driver from global
1605865105315,121,selenium_login:open_login_page,Success,True
1605865105801,485,selenium_login:login_and_view_dashboard,Success,True
1605865105801,608,selenium_login,Success,True
.test_0_selenium_a_login,Total:99 Passed:99 Failed:0
1605865106183,345,selenium_browse_projects_list,Success,True
.test_1_selenium_browse_projects_list,Total:100 Passed:100 Failed:0
1605865106473,289,selenium_browse_boards_list,Success,True
.test_1_selenium_browse_boards_list,Total:101 Passed:101 Failed:0
1605865107337,855,selenium_create_issue:open_quick_create,Success,True
1605865108557,615,selenium_create_issue:fill_and_submit_issue_form:submit_issue_form,Success,True
1605865108557,1219,selenium_create_issue:fill_and_submit_issue_form,Success,True
1605865108557,2075,selenium_create_issue,Success,True
.test_1_selenium_create_issue,Total:102 Passed:102 Failed:0
1605865109090,519,selenium_edit_issue:open_edit_issue_form,Success,True
1605865110199,594,selenium_edit_issue:save_edit_issue_form,Success,True
1605865110199,1627,selenium_edit_issue,Success,True
.test_1_selenium_edit_issue,Total:103 Passed:103 Failed:0
1605865110505,305,selenium_save_comment:open_comment_form,Success,True
1605865113231,2568,selenium_save_comment:submit_form,Success,True
1605865113231,3030,selenium_save_comment,Success,True
.test_1_selenium_save_comment,Total:104 Passed:104 Failed:0
1605865114962,1730,selenium_search_jql,Success,True
.test_1_selenium_search_jql,Total:105 Passed:105 Failed:0
1605865116438,1474,selenium_view_scrum_board_backlog,Success,True
.test_1_selenium_view_backlog_for_scrum_board,Total:106 Passed:106 Failed:0
1605865117224,784,selenium_view_scrum_board,Success,True
.test_1_selenium_view_scrum_board,Total:107 Passed:107 Failed:0
1605865118381,1155,selenium_view_kanban_board,Success,True
.test_1_selenium_view_kanban_board,Total:108 Passed:108 Failed:0
1605865118624,241,selenium_view_dashboard,Success,True
.test_1_selenium_view_dashboard,Total:109 Passed:109 Failed:0
1605865119393,767,selenium_view_issue,Success,True
.test_1_selenium_view_issue,Total:110 Passed:110 Failed:0
1605865119931,536,selenium_project_summary,Success,True
.test_1_selenium_view_project_summary,Total:111 Passed:111 Failed:0
1605865120339,407,selenium_log_out,Success,True
.test_2_selenium_z_log_out,Total:112 Passed:112 Failed:0


=============================== warnings summary ===============================
../../usr/local/lib/python3.8/dist-packages/_pytest/config/__init__.py:1114
  /usr/local/lib/python3.8/dist-packages/_pytest/config/__init__.py:1114: PytestAssertRewriteWarning: Module already imported so cannot be rewritten: apiritif
    self._mark_plugins_for_rewrite(hook)

-- Docs: https://docs.pytest.org/en/stable/warnings.html
======================== 14 passed, 1 warning in 15.16s ========================
============================= test session starts ==============================
platform linux -- Python 3.8.0, pytest-6.1.1, py-1.9.0, pluggy-0.13.1
rootdir: /dc-app-performance-toolkit/app
plugins: apiritif-0.9.5
collected 14 items

selenium_ui/jira_ui.py get driver from global
1605865120520,130,selenium_login:open_login_page,Success,True
1605865121773,1252,selenium_login:login_and_view_dashboard,Success,True
1605865121773,1383,selenium_login,Success,True
.test_0_selenium_a_login,Total:113 Passed:113 Failed:0
1605865122215,392,selenium_browse_projects_list,Success,True
.test_1_selenium_browse_projects_list,Total:114 Passed:114 Failed:0
1605865122539,322,selenium_browse_boards_list,Success,True
.test_1_selenium_browse_boards_list,Total:115 Passed:115 Failed:0
1605865123350,802,selenium_create_issue:open_quick_create,Success,True
1605865124660,711,selenium_create_issue:fill_and_submit_issue_form:submit_issue_form,Success,True
1605865124660,1310,selenium_create_issue:fill_and_submit_issue_form,Success,True
1605865124660,2113,selenium_create_issue,Success,True
.test_1_selenium_create_issue,Total:116 Passed:116 Failed:0
1605865125201,532,selenium_edit_issue:open_edit_issue_form,Success,True
1605865126317,631,selenium_edit_issue:save_edit_issue_form,Success,True
1605865126317,1648,selenium_edit_issue,Success,True
.test_1_selenium_edit_issue,Total:117 Passed:117 Failed:0
1605865126707,389,selenium_save_comment:open_comment_form,Success,True
1605865127739,870,selenium_save_comment:submit_form,Success,True
1605865127739,1420,selenium_save_comment,Success,True
.test_1_selenium_save_comment,Total:118 Passed:118 Failed:0
1605865129484,1743,selenium_search_jql,Success,True
.test_1_selenium_search_jql,Total:119 Passed:119 Failed:0
1605865131085,1599,selenium_view_scrum_board_backlog,Success,True
.test_1_selenium_view_backlog_for_scrum_board,Total:120 Passed:120 Failed:0
1605865132007,921,selenium_view_scrum_board,Success,True
.test_1_selenium_view_scrum_board,Total:121 Passed:121 Failed:0
1605865133174,1165,selenium_view_kanban_board,Success,True
.test_1_selenium_view_kanban_board,Total:122 Passed:122 Failed:0
1605865133582,406,selenium_view_dashboard,Success,True
.test_1_selenium_view_dashboard,Total:123 Passed:123 Failed:0
1605865134290,706,selenium_view_issue,Success,True
.test_1_selenium_view_issue,Total:124 Passed:124 Failed:0
1605865134829,538,selenium_project_summary,Success,True
.test_1_selenium_view_project_summary,Total:125 Passed:125 Failed:0
1605865135333,502,selenium_log_out,Success,True
.test_2_selenium_z_log_out,Total:126 Passed:126 Failed:0


=============================== warnings summary ===============================
../../usr/local/lib/python3.8/dist-packages/_pytest/config/__init__.py:1114
  /usr/local/lib/python3.8/dist-packages/_pytest/config/__init__.py:1114: PytestAssertRewriteWarning: Module already imported so cannot be rewritten: apiritif
    self._mark_plugins_for_rewrite(hook)

-- Docs: https://docs.pytest.org/en/stable/warnings.html
======================== 14 passed, 1 warning in 14.95s ========================
============================= test session starts ==============================
platform linux -- Python 3.8.0, pytest-6.1.1, py-1.9.0, pluggy-0.13.1
rootdir: /dc-app-performance-toolkit/app
plugins: apiritif-0.9.5
collected 14 items

selenium_ui/jira_ui.py get driver from global
1605865135586,202,selenium_login:open_login_page,Success,True
1605865137057,1470,selenium_login:login_and_view_dashboard,Success,True
1605865137057,1673,selenium_login,Success,True
.test_0_selenium_a_login,Total:127 Passed:127 Failed:0
1605865137553,374,selenium_browse_projects_list,Success,True
.test_1_selenium_browse_projects_list,Total:128 Passed:128 Failed:0
1605865137906,351,selenium_browse_boards_list,Success,True
.test_1_selenium_browse_boards_list,Total:129 Passed:129 Failed:0
1605865138745,830,selenium_create_issue:open_quick_create,Success,True
1605865140581,1132,selenium_create_issue:fill_and_submit_issue_form:submit_issue_form,Success,True
1605865140581,1835,selenium_create_issue:fill_and_submit_issue_form,Success,True
1605865140581,2666,selenium_create_issue,Success,True
.test_1_selenium_create_issue,Total:130 Passed:130 Failed:0
1605865141216,620,selenium_edit_issue:open_edit_issue_form,Success,True
1605865142449,767,selenium_edit_issue:save_edit_issue_form,Success,True
1605865142449,1854,selenium_edit_issue,Success,True
.test_1_selenium_edit_issue,Total:131 Passed:131 Failed:0
1605865142923,471,selenium_save_comment:open_comment_form,Success,True
1605865144118,1046,selenium_save_comment:submit_form,Success,True
1605865144118,1667,selenium_save_comment,Success,True
.test_1_selenium_save_comment,Total:132 Passed:132 Failed:0
1605865147428,3308,selenium_search_jql,Success,True
.test_1_selenium_search_jql,Total:133 Passed:133 Failed:0
1605865148495,1065,selenium_view_scrum_board_backlog,Success,True
.test_1_selenium_view_backlog_for_scrum_board,Total:134 Passed:134 Failed:0
1605865149504,1008,selenium_view_scrum_board,Success,True
.test_1_selenium_view_scrum_board,Total:135 Passed:135 Failed:0
1605865150541,1035,selenium_view_kanban_board,Success,True
.test_1_selenium_view_kanban_board,Total:136 Passed:136 Failed:0
1605865151099,556,selenium_view_dashboard,Success,True
.test_1_selenium_view_dashboard,Total:137 Passed:137 Failed:0
1605865152056,955,selenium_view_issue,Success,True
.test_1_selenium_view_issue,Total:138 Passed:138 Failed:0
1605865152851,793,selenium_project_summary,Success,True
.test_1_selenium_view_project_summary,Total:139 Passed:139 Failed:0
1605865153479,627,selenium_log_out,Success,True
.test_2_selenium_z_log_out,Total:140 Passed:140 Failed:0


=============================== warnings summary ===============================
../../usr/local/lib/python3.8/dist-packages/_pytest/config/__init__.py:1114
  /usr/local/lib/python3.8/dist-packages/_pytest/config/__init__.py:1114: PytestAssertRewriteWarning: Module already imported so cannot be rewritten: apiritif
    self._mark_plugins_for_rewrite(hook)

-- Docs: https://docs.pytest.org/en/stable/warnings.html
======================== 14 passed, 1 warning in 18.10s ========================
============================= test session starts ==============================
platform linux -- Python 3.8.0, pytest-6.1.1, py-1.9.0, pluggy-0.13.1
rootdir: /dc-app-performance-toolkit/app
plugins: apiritif-0.9.5
collected 14 items

selenium_ui/jira_ui.py get driver from global
1605865153915,382,selenium_login:open_login_page,Success,True
1605865155981,2066,selenium_login:login_and_view_dashboard,Success,True
1605865155981,2448,selenium_login,Success,True
.test_0_selenium_a_login,Total:141 Passed:141 Failed:0
1605865156446,443,selenium_browse_projects_list,Success,True
.test_1_selenium_browse_projects_list,Total:142 Passed:142 Failed:0
1605865157309,861,selenium_browse_boards_list,Success,True
.test_1_selenium_browse_boards_list,Total:143 Passed:143 Failed:0
1605865158253,934,selenium_create_issue:open_quick_create,Success,True
1605865161654,2684,selenium_create_issue:fill_and_submit_issue_form:submit_issue_form,Success,True
1605865161654,3401,selenium_create_issue:fill_and_submit_issue_form,Success,True
1605865161654,4335,selenium_create_issue,Success,True
.test_1_selenium_create_issue,Total:144 Passed:144 Failed:0
1605865162527,864,selenium_edit_issue:open_edit_issue_form,Success,True
1605865164407,910,selenium_edit_issue:save_edit_issue_form,Success,True
1605865164407,2745,selenium_edit_issue,Success,True
.test_1_selenium_edit_issue,Total:145 Passed:145 Failed:0
1605865164909,500,selenium_save_comment:open_comment_form,Success,True
1605865167568,2038,selenium_save_comment:submit_form,Success,True
1605865167569,3160,selenium_save_comment,Success,True
.test_1_selenium_save_comment,Total:146 Passed:146 Failed:0
1605865179006,11436,selenium_search_jql,Success,True
.test_1_selenium_search_jql,Total:147 Passed:147 Failed:0
1605865181700,2692,selenium_view_scrum_board_backlog,Success,True
.test_1_selenium_view_backlog_for_scrum_board,Total:148 Passed:148 Failed:0
1605865183431,1730,selenium_view_scrum_board,Success,True
.test_1_selenium_view_scrum_board,Total:149 Passed:149 Failed:0
1605865187952,4519,selenium_view_kanban_board,Success,True
.test_1_selenium_view_kanban_board,Total:150 Passed:150 Failed:0
1605865188916,962,selenium_view_dashboard,Success,True
.test_1_selenium_view_dashboard,Total:151 Passed:151 Failed:0
1605865191112,2194,selenium_view_issue,Success,True
.test_1_selenium_view_issue,Total:152 Passed:152 Failed:0
1605865193395,2281,selenium_project_summary,Success,True
.test_1_selenium_view_project_summary,Total:153 Passed:153 Failed:0
1605865194604,1208,selenium_log_out,Success,True
.test_2_selenium_z_log_out,Total:154 Passed:154 Failed:0


=============================== warnings summary ===============================
../../usr/local/lib/python3.8/dist-packages/_pytest/config/__init__.py:1114
  /usr/local/lib/python3.8/dist-packages/_pytest/config/__init__.py:1114: PytestAssertRewriteWarning: Module already imported so cannot be rewritten: apiritif
    self._mark_plugins_for_rewrite(hook)

-- Docs: https://docs.pytest.org/en/stable/warnings.html
======================== 14 passed, 1 warning in 41.08s ========================
============================= test session starts ==============================
platform linux -- Python 3.8.0, pytest-6.1.1, py-1.9.0, pluggy-0.13.1
rootdir: /dc-app-performance-toolkit/app
plugins: apiritif-0.9.5
collected 14 items

selenium_ui/jira_ui.py get driver from global
1605865195126,473,selenium_login:open_login_page,Success,True
1605865199093,3967,selenium_login:login_and_view_dashboard,Success,True
1605865199093,4441,selenium_login,Success,True
.test_0_selenium_a_login,Total:155 Passed:155 Failed:0
1605865200336,1219,selenium_browse_projects_list,Success,True
.test_1_selenium_browse_projects_list,Total:156 Passed:156 Failed:0
1605865201684,1347,selenium_browse_boards_list,Success,True
.test_1_selenium_browse_boards_list,Total:157 Passed:157 Failed:0
1605865203261,1567,selenium_create_issue:open_quick_create,Success,True
1605865212198,8321,selenium_create_issue:fill_and_submit_issue_form:submit_issue_form,Success,True
1605865212198,8937,selenium_create_issue:fill_and_submit_issue_form,Success,True
1605865212198,10505,selenium_create_issue,Success,True
.test_1_selenium_create_issue,Total:158 Passed:158 Failed:0
1605865214121,1904,selenium_edit_issue:open_edit_issue_form,Success,True
1605865216655,1917,selenium_edit_issue:save_edit_issue_form,Success,True
1605865216655,4438,selenium_edit_issue,Success,True
.test_1_selenium_edit_issue,Total:159 Passed:159 Failed:0
1605865217591,934,selenium_save_comment:open_comment_form,Success,True
1605865224933,6735,selenium_save_comment:submit_form,Success,True
1605865224933,8277,selenium_save_comment,Success,True
.test_1_selenium_save_comment,Total:160 Passed:160 Failed:0
1605865243764,18829,selenium_search_jql,Success,True
.test_1_selenium_search_jql,Total:161 Passed:161 Failed:0
1605865247466,3701,selenium_view_scrum_board_backlog,Success,True
.test_1_selenium_view_backlog_for_scrum_board,Total:162 Passed:162 Failed:0
1605865250751,3283,selenium_view_scrum_board,Success,True
.test_1_selenium_view_scrum_board,Total:163 Passed:163 Failed:0
1605865254346,3594,selenium_view_kanban_board,Success,True
.test_1_selenium_view_kanban_board,Total:164 Passed:164 Failed:0
1605865255617,1269,selenium_view_dashboard,Success,True
.test_1_selenium_view_dashboard,Total:165 Passed:165 Failed:0
1605865258653,3034,selenium_view_issue,Success,True
.test_1_selenium_view_issue,Total:166 Passed:166 Failed:0
1605865262253,3598,selenium_project_summary,Success,True
.test_1_selenium_view_project_summary,Total:167 Passed:167 Failed:0
1605865264257,2002,selenium_log_out,Success,True
.test_2_selenium_z_log_out,Total:168 Passed:168 Failed:0


=============================== warnings summary ===============================
../../usr/local/lib/python3.8/dist-packages/_pytest/config/__init__.py:1114
  /usr/local/lib/python3.8/dist-packages/_pytest/config/__init__.py:1114: PytestAssertRewriteWarning: Module already imported so cannot be rewritten: apiritif
    self._mark_plugins_for_rewrite(hook)

-- Docs: https://docs.pytest.org/en/stable/warnings.html
=================== 14 passed, 1 warning in 69.61s (0:01:09) ===================
============================= test session starts ==============================
platform linux -- Python 3.8.0, pytest-6.1.1, py-1.9.0, pluggy-0.13.1
rootdir: /dc-app-performance-toolkit/app
plugins: apiritif-0.9.5
collected 14 items

selenium_ui/jira_ui.py get driver from global
1605865265350,1044,selenium_login:open_login_page,Success,True
1605865271259,5908,selenium_login:login_and_view_dashboard,Success,True
1605865271259,6952,selenium_login,Success,True
.test_0_selenium_a_login,Total:169 Passed:169 Failed:0
1605865272504,1224,selenium_browse_projects_list,Success,True
.test_1_selenium_browse_projects_list,Total:170 Passed:170 Failed:0
1605865274063,1557,selenium_browse_boards_list,Success,True
.test_1_selenium_browse_boards_list,Total:171 Passed:171 Failed:0
1605865275868,1795,selenium_create_issue:open_quick_create,Success,True
1605865287348,10898,selenium_create_issue:fill_and_submit_issue_form:submit_issue_form,Success,True
1605865287348,11479,selenium_create_issue:fill_and_submit_issue_form,Success,True
1605865287348,13275,selenium_create_issue,Success,True
.test_1_selenium_create_issue,Total:172 Passed:172 Failed:0
1605865289085,1715,selenium_edit_issue:open_edit_issue_form,Success,True
1605865292816,2731,selenium_edit_issue:save_edit_issue_form,Success,True
1605865292816,5446,selenium_edit_issue,Success,True
.test_1_selenium_edit_issue,Total:173 Passed:173 Failed:0
1605865294024,1206,selenium_save_comment:open_comment_form,Success,True
1605865302149,7516,selenium_save_comment:submit_form,Success,True
1605865302149,9331,selenium_save_comment,Success,True
.test_1_selenium_save_comment,Total:174 Passed:174 Failed:0
1605865323735,21585,selenium_search_jql,Success,True
.test_1_selenium_search_jql,Total:175 Passed:175 Failed:0
1605865327858,4121,selenium_view_scrum_board_backlog,Success,True
.test_1_selenium_view_backlog_for_scrum_board,Total:176 Passed:176 Failed:0
1605865331979,4120,selenium_view_scrum_board,Success,True
.test_1_selenium_view_scrum_board,Total:177 Passed:177 Failed:0
1605865338634,6653,selenium_view_kanban_board,Success,True
.test_1_selenium_view_kanban_board,Total:178 Passed:178 Failed:0
1605865339955,1320,selenium_view_dashboard,Success,True
.test_1_selenium_view_dashboard,Total:179 Passed:179 Failed:0
1605865342902,2945,selenium_view_issue,Success,True
.test_1_selenium_view_issue,Total:180 Passed:180 Failed:0
1605865345040,2135,selenium_project_summary,Success,True
.test_1_selenium_view_project_summary,Total:181 Passed:181 Failed:0
1605865346420,1378,selenium_log_out,Success,True
.test_2_selenium_z_log_out,Total:182 Passed:182 Failed:0


=============================== warnings summary ===============================
../../usr/local/lib/python3.8/dist-packages/_pytest/config/__init__.py:1114
  /usr/local/lib/python3.8/dist-packages/_pytest/config/__init__.py:1114: PytestAssertRewriteWarning: Module already imported so cannot be rewritten: apiritif
    self._mark_plugins_for_rewrite(hook)

-- Docs: https://docs.pytest.org/en/stable/warnings.html
=================== 14 passed, 1 warning in 82.12s (0:01:22) ===================
============================= test session starts ==============================
platform linux -- Python 3.8.0, pytest-6.1.1, py-1.9.0, pluggy-0.13.1
rootdir: /dc-app-performance-toolkit/app
plugins: apiritif-0.9.5
collected 14 items

selenium_ui/jira_ui.py get driver from global
1605865347138,670,selenium_login:open_login_page,Success,True
1605865351140,4001,selenium_login:login_and_view_dashboard,Success,True
1605865351140,4671,selenium_login,Success,True
.test_0_selenium_a_login,Total:183 Passed:183 Failed:0
1605865352291,1127,selenium_browse_projects_list,Success,True
.test_1_selenium_browse_projects_list,Total:184 Passed:184 Failed:0
1605865353648,1355,selenium_browse_boards_list,Success,True
.test_1_selenium_browse_boards_list,Total:185 Passed:185 Failed:0
1605865355501,1844,selenium_create_issue:open_quick_create,Success,True
1605865368103,11996,selenium_create_issue:fill_and_submit_issue_form:submit_issue_form,Success,True
1605865368103,12602,selenium_create_issue:fill_and_submit_issue_form,Success,True
1605865368103,14447,selenium_create_issue,Success,True
.test_1_selenium_create_issue,Total:186 Passed:186 Failed:0
1605865370194,2081,selenium_edit_issue:open_edit_issue_form,Success,True
1605865372368,1868,selenium_edit_issue:save_edit_issue_form,Success,True
1605865372368,4255,selenium_edit_issue,Success,True
.test_1_selenium_edit_issue,Total:187 Passed:187 Failed:0
1605865373613,1244,selenium_save_comment:open_comment_form,Success,True
1605865380717,6900,selenium_save_comment:submit_form,Success,True
1605865380717,8347,selenium_save_comment,Success,True
.test_1_selenium_save_comment,Total:188 Passed:188 Failed:0
1605865401973,21255,selenium_search_jql,Success,True
.test_1_selenium_search_jql,Total:189 Passed:189 Failed:0
1605865405462,3487,selenium_view_scrum_board_backlog,Success,True
.test_1_selenium_view_backlog_for_scrum_board,Total:190 Passed:190 Failed:0
1605865408424,2961,selenium_view_scrum_board,Success,True
.test_1_selenium_view_scrum_board,Total:191 Passed:191 Failed:0
1605865411840,3414,selenium_view_kanban_board,Success,True
.test_1_selenium_view_kanban_board,Total:192 Passed:192 Failed:0
1605865412732,890,selenium_view_dashboard,Success,True
.test_1_selenium_view_dashboard,Total:193 Passed:193 Failed:0
1605865414972,2239,selenium_view_issue,Success,True
.test_1_selenium_view_issue,Total:194 Passed:194 Failed:0
1605865418378,3404,selenium_project_summary,Success,True
.test_1_selenium_view_project_summary,Total:195 Passed:195 Failed:0
1605865419849,1470,selenium_log_out,Success,True
.test_2_selenium_z_log_out,Total:196 Passed:196 Failed:0


=============================== warnings summary ===============================
../../usr/local/lib/python3.8/dist-packages/_pytest/config/__init__.py:1114
  /usr/local/lib/python3.8/dist-packages/_pytest/config/__init__.py:1114: PytestAssertRewriteWarning: Module already imported so cannot be rewritten: apiritif
    self._mark_plugins_for_rewrite(hook)

-- Docs: https://docs.pytest.org/en/stable/warnings.html
=================== 14 passed, 1 warning in 73.39s (0:01:13) ===================
============================= test session starts ==============================
platform linux -- Python 3.8.0, pytest-6.1.1, py-1.9.0, pluggy-0.13.1
rootdir: /dc-app-performance-toolkit/app
plugins: apiritif-0.9.5
collected 14 items

selenium_ui/jira_ui.py get driver from global
1605865420746,827,selenium_login:open_login_page,Success,True
1605865424929,4182,selenium_login:login_and_view_dashboard,Success,True
1605865424929,5010,selenium_login,Success,True
.test_0_selenium_a_login,Total:197 Passed:197 Failed:0
1605865425952,999,selenium_browse_projects_list,Success,True
.test_1_selenium_browse_projects_list,Total:198 Passed:198 Failed:0
1605865427391,1437,selenium_browse_boards_list,Success,True
.test_1_selenium_browse_boards_list,Total:199 Passed:199 Failed:0
1605865428907,1508,selenium_create_issue:open_quick_create,Success,True
1605865438347,8820,selenium_create_issue:fill_and_submit_issue_form:submit_issue_form,Success,True
1605865438347,9439,selenium_create_issue:fill_and_submit_issue_form,Success,True
1605865438347,10947,selenium_create_issue,Success,True
.test_1_selenium_create_issue,Total:200 Passed:200 Failed:0
1605865440015,1654,selenium_edit_issue:open_edit_issue_form,Success,True
1605865442570,1586,selenium_edit_issue:save_edit_issue_form,Success,True
1605865442570,4209,selenium_edit_issue,Success,True
.test_1_selenium_edit_issue,Total:201 Passed:201 Failed:0
1605865443594,1022,selenium_save_comment:open_comment_form,Success,True
1605865451179,6979,selenium_save_comment:submit_form,Success,True
1605865451179,8607,selenium_save_comment,Success,True
.test_1_selenium_save_comment,Total:202 Passed:202 Failed:0
1605865472040,20859,selenium_search_jql,Success,True
.test_1_selenium_search_jql,Total:203 Passed:203 Failed:0
1605865475875,3833,selenium_view_scrum_board_backlog,Success,True
.test_1_selenium_view_backlog_for_scrum_board,Total:204 Passed:204 Failed:0
1605865478663,2786,selenium_view_scrum_board,Success,True
.test_1_selenium_view_scrum_board,Total:205 Passed:205 Failed:0
1605865483503,4838,selenium_view_kanban_board,Success,True
.test_1_selenium_view_kanban_board,Total:206 Passed:206 Failed:0
1605865484617,1113,selenium_view_dashboard,Success,True
.test_1_selenium_view_dashboard,Total:207 Passed:207 Failed:0
1605865487004,2385,selenium_view_issue,Success,True
.test_1_selenium_view_issue,Total:208 Passed:208 Failed:0
1605865489272,2265,selenium_project_summary,Success,True
.test_1_selenium_view_project_summary,Total:209 Passed:209 Failed:0
1605865490900,1627,selenium_log_out,Success,True
.test_2_selenium_z_log_out,Total:210 Passed:210 Failed:0


=============================== warnings summary ===============================
../../usr/local/lib/python3.8/dist-packages/_pytest/config/__init__.py:1114
  /usr/local/lib/python3.8/dist-packages/_pytest/config/__init__.py:1114: PytestAssertRewriteWarning: Module already imported so cannot be rewritten: apiritif
    self._mark_plugins_for_rewrite(hook)

-- Docs: https://docs.pytest.org/en/stable/warnings.html
=================== 14 passed, 1 warning in 70.99s (0:01:10) ===================
============================= test session starts ==============================
platform linux -- Python 3.8.0, pytest-6.1.1, py-1.9.0, pluggy-0.13.1
rootdir: /dc-app-performance-toolkit/app
plugins: apiritif-0.9.5
collected 14 items

selenium_ui/jira_ui.py get driver from global
1605865491496,547,selenium_login:open_login_page,Success,True
1605865495579,4082,selenium_login:login_and_view_dashboard,Success,True
1605865495579,4630,selenium_login,Success,True
.test_0_selenium_a_login,Total:211 Passed:211 Failed:0
1605865496582,978,selenium_browse_projects_list,Success,True
.test_1_selenium_browse_projects_list,Total:212 Passed:212 Failed:0
1605865497673,1090,selenium_browse_boards_list,Success,True
.test_1_selenium_browse_boards_list,Total:213 Passed:213 Failed:0
1605865499629,1947,selenium_create_issue:open_quick_create,Success,True
1605865508678,8343,selenium_create_issue:fill_and_submit_issue_form:submit_issue_form,Success,True
1605865508678,9049,selenium_create_issue:fill_and_submit_issue_form,Success,True
1605865508678,10996,selenium_create_issue,Success,True
.test_1_selenium_create_issue,Total:214 Passed:214 Failed:0
1605865510515,1822,selenium_edit_issue:open_edit_issue_form,Success,True
1605865512404,1422,selenium_edit_issue:save_edit_issue_form,Success,True
1605865512404,3711,selenium_edit_issue,Success,True
.test_1_selenium_edit_issue,Total:215 Passed:215 Failed:0
1605865513527,1121,selenium_save_comment:open_comment_form,Success,True
1605865520794,7033,selenium_save_comment:submit_form,Success,True
1605865520794,8388,selenium_save_comment,Success,True
.test_1_selenium_save_comment,Total:216 Passed:216 Failed:0
1605865542254,21459,selenium_search_jql,Success,True
.test_1_selenium_search_jql,Total:217 Passed:217 Failed:0
1605865545224,2968,selenium_view_scrum_board_backlog,Success,True
.test_1_selenium_view_backlog_for_scrum_board,Total:218 Passed:218 Failed:0
1605865547810,2584,selenium_view_scrum_board,Success,True
.test_1_selenium_view_scrum_board,Total:219 Passed:219 Failed:0
1605865551410,3598,selenium_view_kanban_board,Success,True
.test_1_selenium_view_kanban_board,Total:220 Passed:220 Failed:0
1605865552563,1152,selenium_view_dashboard,Success,True
.test_1_selenium_view_dashboard,Total:221 Passed:221 Failed:0
1605865554752,2187,selenium_view_issue,Success,True
.test_1_selenium_view_issue,Total:222 Passed:222 Failed:0
1605865557703,2949,selenium_project_summary,Success,True
.test_1_selenium_view_project_summary,Total:223 Passed:223 Failed:0
1605865558986,1281,selenium_log_out,Success,True
.test_2_selenium_z_log_out,Total:224 Passed:224 Failed:0


=============================== warnings summary ===============================
../../usr/local/lib/python3.8/dist-packages/_pytest/config/__init__.py:1114
  /usr/local/lib/python3.8/dist-packages/_pytest/config/__init__.py:1114: PytestAssertRewriteWarning: Module already imported so cannot be rewritten: apiritif
    self._mark_plugins_for_rewrite(hook)

-- Docs: https://docs.pytest.org/en/stable/warnings.html
=================== 14 passed, 1 warning in 68.05s (0:01:08) ===================
============================= test session starts ==============================
platform linux -- Python 3.8.0, pytest-6.1.1, py-1.9.0, pluggy-0.13.1
rootdir: /dc-app-performance-toolkit/app
plugins: apiritif-0.9.5
collected 14 items

selenium_ui/jira_ui.py get driver from global
1605865559755,720,selenium_login:open_login_page,Success,True
1605865563588,3833,selenium_login:login_and_view_dashboard,Success,True
1605865563588,4554,selenium_login,Success,True
.test_0_selenium_a_login,Total:225 Passed:225 Failed:0
1605865564593,982,selenium_browse_projects_list,Success,True
.test_1_selenium_browse_projects_list,Total:226 Passed:226 Failed:0
1605865565981,1387,selenium_browse_boards_list,Success,True
.test_1_selenium_browse_boards_list,Total:227 Passed:227 Failed:0
1605865567661,1670,selenium_create_issue:open_quick_create,Success,True
1605865579641,11442,selenium_create_issue:fill_and_submit_issue_form:submit_issue_form,Success,True
1605865579641,11979,selenium_create_issue:fill_and_submit_issue_form,Success,True
1605865579641,13649,selenium_create_issue,Success,True
.test_1_selenium_create_issue,Total:228 Passed:228 Failed:0
1605865581173,1498,selenium_edit_issue:open_edit_issue_form,Success,True
1605865583344,1372,selenium_edit_issue:save_edit_issue_form,Success,True
1605865583344,3670,selenium_edit_issue,Success,True
.test_1_selenium_edit_issue,Total:229 Passed:229 Failed:0
1605865584234,888,selenium_save_comment:open_comment_form,Success,True
1605865591593,7263,selenium_save_comment:submit_form,Success,True
1605865591593,8247,selenium_save_comment,Success,True
.test_1_selenium_save_comment,Total:230 Passed:230 Failed:0
1605865611460,19865,selenium_search_jql,Success,True
.test_1_selenium_search_jql,Total:231 Passed:231 Failed:0
1605865615308,3845,selenium_view_scrum_board_backlog,Success,True
.test_1_selenium_view_backlog_for_scrum_board,Total:232 Passed:232 Failed:0
1605865618924,3613,selenium_view_scrum_board,Success,True
.test_1_selenium_view_scrum_board,Total:233 Passed:233 Failed:0
1605865623340,4415,selenium_view_kanban_board,Success,True
.test_1_selenium_view_kanban_board,Total:234 Passed:234 Failed:0
1605865624474,1132,selenium_view_dashboard,Success,True
.test_1_selenium_view_dashboard,Total:235 Passed:235 Failed:0
1605865627752,3276,selenium_view_issue,Success,True
.test_1_selenium_view_issue,Total:236 Passed:236 Failed:0
1605865629954,2200,selenium_project_summary,Success,True
.test_1_selenium_view_project_summary,Total:237 Passed:237 Failed:0
1605865631176,1221,selenium_log_out,Success,True
.test_2_selenium_z_log_out,Total:238 Passed:238 Failed:0


=============================== warnings summary ===============================
../../usr/local/lib/python3.8/dist-packages/_pytest/config/__init__.py:1114
  /usr/local/lib/python3.8/dist-packages/_pytest/config/__init__.py:1114: PytestAssertRewriteWarning: Module already imported so cannot be rewritten: apiritif
    self._mark_plugins_for_rewrite(hook)

-- Docs: https://docs.pytest.org/en/stable/warnings.html
=================== 14 passed, 1 warning in 72.15s (0:01:12) ===================
============================= test session starts ==============================
platform linux -- Python 3.8.0, pytest-6.1.1, py-1.9.0, pluggy-0.13.1
rootdir: /dc-app-performance-toolkit/app
plugins: apiritif-0.9.5
collected 14 items

selenium_ui/jira_ui.py get driver from global
1605865631685,459,selenium_login:open_login_page,Success,True
1605865636440,4755,selenium_login:login_and_view_dashboard,Success,True
1605865636440,5214,selenium_login,Success,True
.test_0_selenium_a_login,Total:239 Passed:239 Failed:0
1605865637488,1028,selenium_browse_projects_list,Success,True
.test_1_selenium_browse_projects_list,Total:240 Passed:240 Failed:0
1605865639009,1520,selenium_browse_boards_list,Success,True
.test_1_selenium_browse_boards_list,Total:241 Passed:241 Failed:0
1605865640884,1865,selenium_create_issue:open_quick_create,Success,True
1605865651344,9867,selenium_create_issue:fill_and_submit_issue_form:submit_issue_form,Success,True
1605865651344,10460,selenium_create_issue:fill_and_submit_issue_form,Success,True
1605865651344,12326,selenium_create_issue,Success,True
.test_1_selenium_create_issue,Total:242 Passed:242 Failed:0
1605865653137,1784,selenium_edit_issue:open_edit_issue_form,Success,True
1605865655243,1554,selenium_edit_issue:save_edit_issue_form,Success,True
1605865655243,3889,selenium_edit_issue,Success,True
.test_1_selenium_edit_issue,Total:243 Passed:243 Failed:0
1605865656294,1050,selenium_save_comment:open_comment_form,Success,True
1605865663932,7535,selenium_save_comment:submit_form,Success,True
1605865663932,8688,selenium_save_comment,Success,True
.test_1_selenium_save_comment,Total:244 Passed:244 Failed:0
1605865684488,20554,selenium_search_jql,Success,True
.test_1_selenium_search_jql,Total:245 Passed:245 Failed:0
1605865687892,3402,selenium_view_scrum_board_backlog,Success,True
.test_1_selenium_view_backlog_for_scrum_board,Total:246 Passed:246 Failed:0
1605865691863,3969,selenium_view_scrum_board,Success,True
.test_1_selenium_view_scrum_board,Total:247 Passed:247 Failed:0
1605865696352,4488,selenium_view_kanban_board,Success,True
.test_1_selenium_view_kanban_board,Total:248 Passed:248 Failed:0
1605865697482,1128,selenium_view_dashboard,Success,True
.test_1_selenium_view_dashboard,Total:249 Passed:249 Failed:0
1605865699703,2219,selenium_view_issue,Success,True
.test_1_selenium_view_issue,Total:250 Passed:250 Failed:0
1605865701953,2247,selenium_project_summary,Success,True
.test_1_selenium_view_project_summary,Total:251 Passed:251 Failed:0
1605865703368,1414,selenium_log_out,Success,True
.test_2_selenium_z_log_out,Total:252 Passed:252 Failed:0


=============================== warnings summary ===============================
../../usr/local/lib/python3.8/dist-packages/_pytest/config/__init__.py:1114
  /usr/local/lib/python3.8/dist-packages/_pytest/config/__init__.py:1114: PytestAssertRewriteWarning: Module already imported so cannot be rewritten: apiritif
    self._mark_plugins_for_rewrite(hook)

-- Docs: https://docs.pytest.org/en/stable/warnings.html
=================== 14 passed, 1 warning in 72.15s (0:01:12) ===================
============================= test session starts ==============================
platform linux -- Python 3.8.0, pytest-6.1.1, py-1.9.0, pluggy-0.13.1
rootdir: /dc-app-performance-toolkit/app
plugins: apiritif-0.9.5
collected 14 items

selenium_ui/jira_ui.py get driver from global
1605865703922,505,selenium_login:open_login_page,Success,True
1605865708225,4302,selenium_login:login_and_view_dashboard,Success,True
1605865708225,4808,selenium_login,Success,True
.test_0_selenium_a_login,Total:253 Passed:253 Failed:0
1605865709204,956,selenium_browse_projects_list,Success,True
.test_1_selenium_browse_projects_list,Total:254 Passed:254 Failed:0
1605865710493,1288,selenium_browse_boards_list,Success,True
.test_1_selenium_browse_boards_list,Total:255 Passed:255 Failed:0
1605865711947,1445,selenium_create_issue:open_quick_create,Success,True
1605865720941,8308,selenium_create_issue:fill_and_submit_issue_form:submit_issue_form,Success,True
1605865720941,8993,selenium_create_issue:fill_and_submit_issue_form,Success,True
1605865720941,10438,selenium_create_issue,Success,True
.test_1_selenium_create_issue,Total:256 Passed:256 Failed:0
1605865722337,1382,selenium_edit_issue:open_edit_issue_form,Success,True
1605865724785,1917,selenium_edit_issue:save_edit_issue_form,Success,True
1605865724785,3830,selenium_edit_issue,Success,True
.test_1_selenium_edit_issue,Total:257 Passed:257 Failed:0
1605865725595,808,selenium_save_comment:open_comment_form,Success,True
1605865732584,6324,selenium_save_comment:submit_form,Success,True
1605865732584,7797,selenium_save_comment,Success,True
.test_1_selenium_save_comment,Total:258 Passed:258 Failed:0
1605865753514,20928,selenium_search_jql,Success,True
.test_1_selenium_search_jql,Total:259 Passed:259 Failed:0
1605865757271,3755,selenium_view_scrum_board_backlog,Success,True
.test_1_selenium_view_backlog_for_scrum_board,Total:260 Passed:260 Failed:0
1605865759019,1746,selenium_view_scrum_board,Success,True
.test_1_selenium_view_scrum_board,Total:261 Passed:261 Failed:0
1605865765706,6686,selenium_view_kanban_board,Success,True
.test_1_selenium_view_kanban_board,Total:262 Passed:262 Failed:0
1605865766907,1198,selenium_view_dashboard,Success,True
.test_1_selenium_view_dashboard,Total:263 Passed:263 Failed:0
1605865769178,2270,selenium_view_issue,Success,True
.test_1_selenium_view_issue,Total:264 Passed:264 Failed:0
1605865772278,3098,selenium_project_summary,Success,True
.test_1_selenium_view_project_summary,Total:265 Passed:265 Failed:0
1605865773771,1491,selenium_log_out,Success,True
.test_2_selenium_z_log_out,Total:266 Passed:266 Failed:0


=============================== warnings summary ===============================
../../usr/local/lib/python3.8/dist-packages/_pytest/config/__init__.py:1114
  /usr/local/lib/python3.8/dist-packages/_pytest/config/__init__.py:1114: PytestAssertRewriteWarning: Module already imported so cannot be rewritten: apiritif
    self._mark_plugins_for_rewrite(hook)

-- Docs: https://docs.pytest.org/en/stable/warnings.html
=================== 14 passed, 1 warning in 70.36s (0:01:10) ===================
============================= test session starts ==============================
platform linux -- Python 3.8.0, pytest-6.1.1, py-1.9.0, pluggy-0.13.1
rootdir: /dc-app-performance-toolkit/app
plugins: apiritif-0.9.5
collected 14 items

selenium_ui/jira_ui.py get driver from global
1605865774738,919,selenium_login:open_login_page,Success,True
1605865779319,4581,selenium_login:login_and_view_dashboard,Success,True
1605865779319,5501,selenium_login,Success,True
.test_0_selenium_a_login,Total:267 Passed:267 Failed:0
1605865780468,1127,selenium_browse_projects_list,Success,True
.test_1_selenium_browse_projects_list,Total:268 Passed:268 Failed:0
1605865781603,1134,selenium_browse_boards_list,Success,True
.test_1_selenium_browse_boards_list,Total:269 Passed:269 Failed:0
1605865783500,1888,selenium_create_issue:open_quick_create,Success,True
1605865794694,10487,selenium_create_issue:fill_and_submit_issue_form:submit_issue_form,Success,True
1605865794694,11193,selenium_create_issue:fill_and_submit_issue_form,Success,True
1605865794694,13082,selenium_create_issue,Success,True
.test_1_selenium_create_issue,Total:270 Passed:270 Failed:0
1605865796751,2046,selenium_edit_issue:open_edit_issue_form,Success,True
1605865799375,2075,selenium_edit_issue:save_edit_issue_form,Success,True
1605865799376,4670,selenium_edit_issue,Success,True
.test_1_selenium_edit_issue,Total:271 Passed:271 Failed:0
1605865800835,1458,selenium_save_comment:open_comment_form,Success,True
1605865807435,6500,selenium_save_comment:submit_form,Success,True
1605865807435,8057,selenium_save_comment,Success,True
.test_1_selenium_save_comment,Total:272 Passed:272 Failed:0
1605865829582,22146,selenium_search_jql,Success,True
.test_1_selenium_search_jql,Total:273 Passed:273 Failed:0
1605865833881,4297,selenium_view_scrum_board_backlog,Success,True
.test_1_selenium_view_backlog_for_scrum_board,Total:274 Passed:274 Failed:0
1605865836362,2480,selenium_view_scrum_board,Success,True
.test_1_selenium_view_scrum_board,Total:275 Passed:275 Failed:0
1605865840053,3689,selenium_view_kanban_board,Success,True
.test_1_selenium_view_kanban_board,Total:276 Passed:276 Failed:0
1605865841198,1142,selenium_view_dashboard,Success,True
.test_1_selenium_view_dashboard,Total:277 Passed:277 Failed:0
1605865843817,2617,selenium_view_issue,Success,True
.test_1_selenium_view_issue,Total:278 Passed:278 Failed:0
1605865846689,2870,selenium_project_summary,Success,True
.test_1_selenium_view_project_summary,Total:279 Passed:279 Failed:0
1605865848087,1397,selenium_log_out,Success,True
.test_2_selenium_z_log_out,Total:280 Passed:280 Failed:0


=============================== warnings summary ===============================
../../usr/local/lib/python3.8/dist-packages/_pytest/config/__init__.py:1114
  /usr/local/lib/python3.8/dist-packages/_pytest/config/__init__.py:1114: PytestAssertRewriteWarning: Module already imported so cannot be rewritten: apiritif
    self._mark_plugins_for_rewrite(hook)

-- Docs: https://docs.pytest.org/en/stable/warnings.html
=================== 14 passed, 1 warning in 74.28s (0:01:14) ===================
============================= test session starts ==============================
platform linux -- Python 3.8.0, pytest-6.1.1, py-1.9.0, pluggy-0.13.1
rootdir: /dc-app-performance-toolkit/app
plugins: apiritif-0.9.5
collected 14 items

selenium_ui/jira_ui.py get driver from global
1605865849355,1214,selenium_login:open_login_page,Success,True
1605865852935,3580,selenium_login:login_and_view_dashboard,Success,True
1605865852936,4795,selenium_login,Success,True
.test_0_selenium_a_login,Total:281 Passed:281 Failed:0
1605865854024,1064,selenium_browse_projects_list,Success,True
.test_1_selenium_browse_projects_list,Total:282 Passed:282 Failed:0
1605865855474,1449,selenium_browse_boards_list,Success,True
.test_1_selenium_browse_boards_list,Total:283 Passed:283 Failed:0
1605865857568,2084,selenium_create_issue:open_quick_create,Success,True
1605865870165,11911,selenium_create_issue:fill_and_submit_issue_form:submit_issue_form,Success,True
1605865870165,12596,selenium_create_issue:fill_and_submit_issue_form,Success,True
1605865870165,14681,selenium_create_issue,Success,True
.test_1_selenium_create_issue,Total:284 Passed:284 Failed:0
1605865871903,1714,selenium_edit_issue:open_edit_issue_form,Success,True
1605865874401,1946,selenium_edit_issue:save_edit_issue_form,Success,True
1605865874401,4212,selenium_edit_issue,Success,True
.test_1_selenium_edit_issue,Total:285 Passed:285 Failed:0
1605865875513,1109,selenium_save_comment:open_comment_form,Success,True
1605865883273,7656,selenium_save_comment:submit_form,Success,True
1605865883273,8870,selenium_save_comment,Success,True
.test_1_selenium_save_comment,Total:286 Passed:286 Failed:0
1605865903830,20555,selenium_search_jql,Success,True
.test_1_selenium_search_jql,Total:287 Passed:287 Failed:0
1605865907889,4057,selenium_view_scrum_board_backlog,Success,True
.test_1_selenium_view_backlog_for_scrum_board,Total:288 Passed:288 Failed:0
1605865910964,3073,selenium_view_scrum_board,Success,True
.test_1_selenium_view_scrum_board,Total:289 Passed:289 Failed:0
1605865916434,5468,selenium_view_kanban_board,Success,True
.test_1_selenium_view_kanban_board,Total:290 Passed:290 Failed:0
1605865917958,1522,selenium_view_dashboard,Success,True
.test_1_selenium_view_dashboard,Total:291 Passed:291 Failed:0
1605865920672,2712,selenium_view_issue,Success,True
.test_1_selenium_view_issue,Total:292 Passed:292 Failed:0
1605865923484,2810,selenium_project_summary,Success,True
.test_1_selenium_view_project_summary,Total:293 Passed:293 Failed:0
1605865924870,1384,selenium_log_out,Success,True
.test_2_selenium_z_log_out,Total:294 Passed:294 Failed:0


=============================== warnings summary ===============================
../../usr/local/lib/python3.8/dist-packages/_pytest/config/__init__.py:1114
  /usr/local/lib/python3.8/dist-packages/_pytest/config/__init__.py:1114: PytestAssertRewriteWarning: Module already imported so cannot be rewritten: apiritif
    self._mark_plugins_for_rewrite(hook)

-- Docs: https://docs.pytest.org/en/stable/warnings.html
=================== 14 passed, 1 warning in 76.74s (0:01:16) ===================
============================= test session starts ==============================
platform linux -- Python 3.8.0, pytest-6.1.1, py-1.9.0, pluggy-0.13.1
rootdir: /dc-app-performance-toolkit/app
plugins: apiritif-0.9.5
collected 14 items

selenium_ui/jira_ui.py get driver from global
1605865925751,833,selenium_login:open_login_page,Success,True
1605865930949,5197,selenium_login:login_and_view_dashboard,Success,True
1605865930949,6031,selenium_login,Success,True
.test_0_selenium_a_login,Total:295 Passed:295 Failed:0
1605865931889,919,selenium_browse_projects_list,Success,True
.test_1_selenium_browse_projects_list,Total:296 Passed:296 Failed:0
1605865933199,1308,selenium_browse_boards_list,Success,True
.test_1_selenium_browse_boards_list,Total:297 Passed:297 Failed:0
1605865935162,1954,selenium_create_issue:open_quick_create,Success,True
1605865944680,8824,selenium_create_issue:fill_and_submit_issue_form:submit_issue_form,Success,True
1605865944680,9518,selenium_create_issue:fill_and_submit_issue_form,Success,True
1605865944680,11472,selenium_create_issue,Success,True
.test_1_selenium_create_issue,Total:298 Passed:298 Failed:0
1605865946415,1713,selenium_edit_issue:open_edit_issue_form,Success,True
1605865948808,2005,selenium_edit_issue:save_edit_issue_form,Success,True
1605865948808,4106,selenium_edit_issue,Success,True
.test_1_selenium_edit_issue,Total:299 Passed:299 Failed:0
1605865949628,818,selenium_save_comment:open_comment_form,Success,True
1605865957620,7795,selenium_save_comment:submit_form,Success,True
1605865957620,8811,selenium_save_comment,Success,True
.test_1_selenium_save_comment,Total:300 Passed:300 Failed:0
1605865979070,21448,selenium_search_jql,Success,True
.test_1_selenium_search_jql,Total:301 Passed:301 Failed:0
1605865983407,4335,selenium_view_scrum_board_backlog,Success,True
.test_1_selenium_view_backlog_for_scrum_board,Total:302 Passed:302 Failed:0
1605865986245,2836,selenium_view_scrum_board,Success,True
.test_1_selenium_view_scrum_board,Total:303 Passed:303 Failed:0
1605865991856,5610,selenium_view_kanban_board,Success,True
.test_1_selenium_view_kanban_board,Total:304 Passed:304 Failed:0
1605865993159,1301,selenium_view_dashboard,Success,True
.test_1_selenium_view_dashboard,Total:305 Passed:305 Failed:0
1605865995600,2439,selenium_view_issue,Success,True
.test_1_selenium_view_issue,Total:306 Passed:306 Failed:0
1605865998875,3274,selenium_project_summary,Success,True
.test_1_selenium_view_project_summary,Total:307 Passed:307 Failed:0
1605866000577,1700,selenium_log_out,Success,True
.test_2_selenium_z_log_out,Total:308 Passed:308 Failed:0


=============================== warnings summary ===============================
../../usr/local/lib/python3.8/dist-packages/_pytest/config/__init__.py:1114
  /usr/local/lib/python3.8/dist-packages/_pytest/config/__init__.py:1114: PytestAssertRewriteWarning: Module already imported so cannot be rewritten: apiritif
    self._mark_plugins_for_rewrite(hook)

-- Docs: https://docs.pytest.org/en/stable/warnings.html
=================== 14 passed, 1 warning in 75.67s (0:01:15) ===================
============================= test session starts ==============================
platform linux -- Python 3.8.0, pytest-6.1.1, py-1.9.0, pluggy-0.13.1
rootdir: /dc-app-performance-toolkit/app
plugins: apiritif-0.9.5
collected 14 items

selenium_ui/jira_ui.py get driver from global
1605866001551,924,selenium_login:open_login_page,Success,True
1605866003928,2376,selenium_login:login_and_view_dashboard,Success,True
1605866003928,3302,selenium_login,Success,True
.test_0_selenium_a_login,Total:309 Passed:309 Failed:0
1605866005202,1263,selenium_browse_projects_list,Success,True
.test_1_selenium_browse_projects_list,Total:310 Passed:310 Failed:0
1605866006642,1437,selenium_browse_boards_list,Success,True
.test_1_selenium_browse_boards_list,Total:311 Passed:311 Failed:0
1605866008291,1641,selenium_create_issue:open_quick_create,Success,True
1605866018195,9362,selenium_create_issue:fill_and_submit_issue_form:submit_issue_form,Success,True
1605866018195,9903,selenium_create_issue:fill_and_submit_issue_form,Success,True
1605866018195,11544,selenium_create_issue,Success,True
.test_1_selenium_create_issue,Total:312 Passed:312 Failed:0
1605866019970,1753,selenium_edit_issue:open_edit_issue_form,Success,True
1605866022538,1767,selenium_edit_issue:save_edit_issue_form,Success,True
1605866022538,4321,selenium_edit_issue,Success,True
.test_1_selenium_edit_issue,Total:313 Passed:313 Failed:0
1605866023554,1015,selenium_save_comment:open_comment_form,Success,True
1605866029618,5456,selenium_save_comment:submit_form,Success,True
1605866029618,7079,selenium_save_comment,Success,True
.test_1_selenium_save_comment,Total:314 Passed:314 Failed:0
1605866053833,24213,selenium_search_jql,Success,True
.test_1_selenium_search_jql,Total:315 Passed:315 Failed:0
1605866057743,3908,selenium_view_scrum_board_backlog,Success,True
.test_1_selenium_view_backlog_for_scrum_board,Total:316 Passed:316 Failed:0
1605866061500,3755,selenium_view_scrum_board,Success,True
.test_1_selenium_view_scrum_board,Total:317 Passed:317 Failed:0
1605866065114,3612,selenium_view_kanban_board,Success,True
.test_1_selenium_view_kanban_board,Total:318 Passed:318 Failed:0
1605866066261,1146,selenium_view_dashboard,Success,True
.test_1_selenium_view_dashboard,Total:319 Passed:319 Failed:0
1605866068726,2463,selenium_view_issue,Success,True
.test_1_selenium_view_issue,Total:320 Passed:320 Failed:0
1605866071284,2557,selenium_project_summary,Success,True
.test_1_selenium_view_project_summary,Total:321 Passed:321 Failed:0
1605866072816,1530,selenium_log_out,Success,True
.test_2_selenium_z_log_out,Total:322 Passed:322 Failed:0


=============================== warnings summary ===============================
../../usr/local/lib/python3.8/dist-packages/_pytest/config/__init__.py:1114
  /usr/local/lib/python3.8/dist-packages/_pytest/config/__init__.py:1114: PytestAssertRewriteWarning: Module already imported so cannot be rewritten: apiritif
    self._mark_plugins_for_rewrite(hook)

-- Docs: https://docs.pytest.org/en/stable/warnings.html
=================== 14 passed, 1 warning in 72.20s (0:01:12) ===================
============================= test session starts ==============================
platform linux -- Python 3.8.0, pytest-6.1.1, py-1.9.0, pluggy-0.13.1
rootdir: /dc-app-performance-toolkit/app
plugins: apiritif-0.9.5
collected 14 items

selenium_ui/jira_ui.py get driver from global
1605866073984,1119,selenium_login:open_login_page,Success,True
1605866078514,4529,selenium_login:login_and_view_dashboard,Success,True
1605866078514,5649,selenium_login,Success,True
.test_0_selenium_a_login,Total:323 Passed:323 Failed:0
1605866079633,1094,selenium_browse_projects_list,Success,True
.test_1_selenium_browse_projects_list,Total:324 Passed:324 Failed:0
1605866080793,1159,selenium_browse_boards_list,Success,True
.test_1_selenium_browse_boards_list,Total:325 Passed:325 Failed:0
1605866082758,1954,selenium_create_issue:open_quick_create,Success,True
1605866095851,12422,selenium_create_issue:fill_and_submit_issue_form:submit_issue_form,Success,True
1605866095851,13093,selenium_create_issue:fill_and_submit_issue_form,Success,True
1605866095851,15048,selenium_create_issue,Success,True
.test_1_selenium_create_issue,Total:326 Passed:326 Failed:0
1605866097557,1683,selenium_edit_issue:open_edit_issue_form,Success,True
1605866100211,2042,selenium_edit_issue:save_edit_issue_form,Success,True
1605866100211,4336,selenium_edit_issue,Success,True
.test_1_selenium_edit_issue,Total:327 Passed:327 Failed:0
1605866101191,979,selenium_save_comment:open_comment_form,Success,True
1605866108934,7590,selenium_save_comment:submit_form,Success,True
1605866108934,8722,selenium_save_comment,Success,True
.test_1_selenium_save_comment,Total:328 Passed:328 Failed:0
1605866131788,22852,selenium_search_jql,Success,True
.test_1_selenium_search_jql,Total:329 Passed:329 Failed:0
1605866135915,4125,selenium_view_scrum_board_backlog,Success,True
.test_1_selenium_view_backlog_for_scrum_board,Total:330 Passed:330 Failed:0
1605866139571,3654,selenium_view_scrum_board,Success,True
.test_1_selenium_view_scrum_board,Total:331 Passed:331 Failed:0
1605866144807,5234,selenium_view_kanban_board,Success,True
.test_1_selenium_view_kanban_board,Total:332 Passed:332 Failed:0
1605866146396,1588,selenium_view_dashboard,Success,True
.test_1_selenium_view_dashboard,Total:333 Passed:333 Failed:0
1605866149461,3063,selenium_view_issue,Success,True
.test_1_selenium_view_issue,Total:334 Passed:334 Failed:0
1605866151206,1743,selenium_project_summary,Success,True
.test_1_selenium_view_project_summary,Total:335 Passed:335 Failed:0
1605866152870,1663,selenium_log_out,Success,True
.test_2_selenium_z_log_out,Total:336 Passed:336 Failed:0


=============================== warnings summary ===============================
../../usr/local/lib/python3.8/dist-packages/_pytest/config/__init__.py:1114
  /usr/local/lib/python3.8/dist-packages/_pytest/config/__init__.py:1114: PytestAssertRewriteWarning: Module already imported so cannot be rewritten: apiritif
    self._mark_plugins_for_rewrite(hook)

-- Docs: https://docs.pytest.org/en/stable/warnings.html
=================== 14 passed, 1 warning in 80.02s (0:01:20) ===================
============================= test session starts ==============================
platform linux -- Python 3.8.0, pytest-6.1.1, py-1.9.0, pluggy-0.13.1
rootdir: /dc-app-performance-toolkit/app
plugins: apiritif-0.9.5
collected 14 items

selenium_ui/jira_ui.py get driver from global
1605866154000,1080,selenium_login:open_login_page,Success,True
1605866158405,4404,selenium_login:login_and_view_dashboard,Success,True
1605866158405,5485,selenium_login,Success,True
.test_0_selenium_a_login,Total:337 Passed:337 Failed:0
1605866159737,1309,selenium_browse_projects_list,Success,True
.test_1_selenium_browse_projects_list,Total:338 Passed:338 Failed:0
1605866161260,1521,selenium_browse_boards_list,Success,True
.test_1_selenium_browse_boards_list,Total:339 Passed:339 Failed:0
1605866163033,1765,selenium_create_issue:open_quick_create,Success,True
1605866177569,13953,selenium_create_issue:fill_and_submit_issue_form:submit_issue_form,Success,True
1605866177569,14535,selenium_create_issue:fill_and_submit_issue_form,Success,True
1605866177569,16301,selenium_create_issue,Success,True
.test_1_selenium_create_issue,Total:340 Passed:340 Failed:0
1605866179954,2361,selenium_edit_issue:open_edit_issue_form,Success,True
1605866182938,2159,selenium_edit_issue:save_edit_issue_form,Success,True
1605866182938,5345,selenium_edit_issue,Success,True
.test_1_selenium_edit_issue,Total:341 Passed:341 Failed:0
1605866184283,1343,selenium_save_comment:open_comment_form,Success,True
1605866191787,6879,selenium_save_comment:submit_form,Success,True
1605866191787,8846,selenium_save_comment,Success,True
.test_1_selenium_save_comment,Total:342 Passed:342 Failed:0
1605866216961,25173,selenium_search_jql,Success,True
.test_1_selenium_search_jql,Total:343 Passed:343 Failed:0
1605866221637,4674,selenium_view_scrum_board_backlog,Success,True
.test_1_selenium_view_backlog_for_scrum_board,Total:344 Passed:344 Failed:0
1605866224700,3061,selenium_view_scrum_board,Success,True
.test_1_selenium_view_scrum_board,Total:345 Passed:345 Failed:0
1605866230057,5355,selenium_view_kanban_board,Success,True
.test_1_selenium_view_kanban_board,Total:346 Passed:346 Failed:0
1605866231204,1145,selenium_view_dashboard,Success,True
.test_1_selenium_view_dashboard,Total:347 Passed:347 Failed:0
1605866233464,2258,selenium_view_issue,Success,True
.test_1_selenium_view_issue,Total:348 Passed:348 Failed:0
1605866236064,2599,selenium_project_summary,Success,True
.test_1_selenium_view_project_summary,Total:349 Passed:349 Failed:0
1605866237619,1553,selenium_log_out,Success,True
.test_2_selenium_z_log_out,Total:350 Passed:350 Failed:0


=============================== warnings summary ===============================
../../usr/local/lib/python3.8/dist-packages/_pytest/config/__init__.py:1114
  /usr/local/lib/python3.8/dist-packages/_pytest/config/__init__.py:1114: PytestAssertRewriteWarning: Module already imported so cannot be rewritten: apiritif
    self._mark_plugins_for_rewrite(hook)

-- Docs: https://docs.pytest.org/en/stable/warnings.html
=================== 14 passed, 1 warning in 84.71s (0:01:24) ===================
============================= test session starts ==============================
platform linux -- Python 3.8.0, pytest-6.1.1, py-1.9.0, pluggy-0.13.1
rootdir: /dc-app-performance-toolkit/app
plugins: apiritif-0.9.5
collected 14 items

selenium_ui/jira_ui.py get driver from global
1605866238308,642,selenium_login:open_login_page,Success,True
1605866240441,2132,selenium_login:login_and_view_dashboard,Success,True
1605866240441,2774,selenium_login,Success,True
.test_0_selenium_a_login,Total:351 Passed:351 Failed:0
1605866241478,1026,selenium_browse_projects_list,Success,True
.test_1_selenium_browse_projects_list,Total:352 Passed:352 Failed:0
1605866242855,1375,selenium_browse_boards_list,Success,True
.test_1_selenium_browse_boards_list,Total:353 Passed:353 Failed:0
1605866244804,1940,selenium_create_issue:open_quick_create,Success,True
1605866256349,10877,selenium_create_issue:fill_and_submit_issue_form:submit_issue_form,Success,True
1605866256349,11545,selenium_create_issue:fill_and_submit_issue_form,Success,True
1605866256350,13486,selenium_create_issue,Success,True
.test_1_selenium_create_issue,Total:354 Passed:354 Failed:0
1605866258555,2182,selenium_edit_issue:open_edit_issue_form,Success,True
1605866260831,1900,selenium_edit_issue:save_edit_issue_form,Success,True
1605866260831,4458,selenium_edit_issue,Success,True
.test_1_selenium_edit_issue,Total:355 Passed:355 Failed:0
1605866262120,1288,selenium_save_comment:open_comment_form,Success,True
1605866268962,6684,selenium_save_comment:submit_form,Success,True
1605866268962,8129,selenium_save_comment,Success,True
.test_1_selenium_save_comment,Total:356 Passed:356 Failed:0
1605866290223,21259,selenium_search_jql,Success,True
.test_1_selenium_search_jql,Total:357 Passed:357 Failed:0
1605866294094,3869,selenium_view_scrum_board_backlog,Success,True
.test_1_selenium_view_backlog_for_scrum_board,Total:358 Passed:358 Failed:0
1605866297320,3225,selenium_view_scrum_board,Success,True
.test_1_selenium_view_scrum_board,Total:359 Passed:359 Failed:0
1605866303678,6356,selenium_view_kanban_board,Success,True
.test_1_selenium_view_kanban_board,Total:360 Passed:360 Failed:0
1605866305285,1604,selenium_view_dashboard,Success,True
.test_1_selenium_view_dashboard,Total:361 Passed:361 Failed:0
1605866308574,3287,selenium_view_issue,Success,True
.test_1_selenium_view_issue,Total:362 Passed:362 Failed:0
1605866311621,3046,selenium_project_summary,Success,True
.test_1_selenium_view_project_summary,Total:363 Passed:363 Failed:0
1605866313664,2041,selenium_log_out,Success,True
.test_2_selenium_z_log_out,Total:364 Passed:364 Failed:0


=============================== warnings summary ===============================
[...]
1605867321837,3554,selenium_view_scrum_board_backlog,Success,True
.test_1_selenium_view_backlog_for_scrum_board,Total:554 Passed:554 Failed:0
1605867323993,2154,selenium_view_scrum_board,Success,True
.test_1_selenium_view_scrum_board,Total:555 Passed:555 Failed:0
1605867329504,5509,selenium_view_kanban_board,Success,True
.test_1_selenium_view_kanban_board,Total:556 Passed:556 Failed:0
1605867331031,1525,selenium_view_dashboard,Success,True
.test_1_selenium_view_dashboard,Total:557 Passed:557 Failed:0
1605867333706,2674,selenium_view_issue,Success,True
.test_1_selenium_view_issue,Total:558 Passed:558 Failed:0
1605867336139,2431,selenium_project_summary,Success,True
.test_1_selenium_view_project_summary,Total:559 Passed:559 Failed:0
1605867337467,1326,selenium_log_out,Success,True
.test_2_selenium_z_log_out,Total:560 Passed:560 Failed:0


=============================== warnings summary ===============================
../../usr/local/lib/python3.8/dist-packages/_pytest/config/__init__.py:1114
  /usr/local/lib/python3.8/dist-packages/_pytest/config/__init__.py:1114: PytestAssertRewriteWarning: Module already imported so cannot be rewritten: apiritif
    self._mark_plugins_for_rewrite(hook)

-- Docs: https://docs.pytest.org/en/stable/warnings.html
=================== 14 passed, 1 warning in 73.56s (0:01:13) ===================
============================= test session starts ==============================
platform linux -- Python 3.8.0, pytest-6.1.1, py-1.9.0, pluggy-0.13.1
rootdir: /dc-app-performance-toolkit/app
plugins: apiritif-0.9.5
collected 14 items

selenium_ui/jira_ui.py get driver from global
1605867338624,1070,selenium_login:open_login_page,Success,True
1605867342281,3656,selenium_login:login_and_view_dashboard,Success,True
1605867342281,4726,selenium_login,Success,True
.test_0_selenium_a_login,Total:561 Passed:561 Failed:0
1605867343328,1026,selenium_browse_projects_list,Success,True
.test_1_selenium_browse_projects_list,Total:562 Passed:562 Failed:0
1605867344609,1279,selenium_browse_boards_list,Success,True
.test_1_selenium_browse_boards_list,Total:563 Passed:563 Failed:0
1605867346610,1992,selenium_create_issue:open_quick_create,Success,True
1605867358202,10896,selenium_create_issue:fill_and_submit_issue_form:submit_issue_form,Success,True
1605867358202,11591,selenium_create_issue:fill_and_submit_issue_form,Success,True
1605867358202,13584,selenium_create_issue,Success,True
.test_1_selenium_create_issue,Total:564 Passed:564 Failed:0
1605867360099,1875,selenium_edit_issue:open_edit_issue_form,Success,True
1605867362505,1782,selenium_edit_issue:save_edit_issue_form,Success,True
1605867362505,4282,selenium_edit_issue,Success,True
.test_1_selenium_edit_issue,Total:565 Passed:565 Failed:0
1605867363827,1320,selenium_save_comment:open_comment_form,Success,True
1605867370724,6794,selenium_save_comment:submit_form,Success,True
1605867370724,8217,selenium_save_comment,Success,True
.test_1_selenium_save_comment,Total:566 Passed:566 Failed:0
1605867392291,21566,selenium_search_jql,Success,True
.test_1_selenium_search_jql,Total:567 Passed:567 Failed:0
1605867396664,4372,selenium_view_scrum_board_backlog,Success,True
.test_1_selenium_view_backlog_for_scrum_board,Total:568 Passed:568 Failed:0
1605867399034,2368,selenium_view_scrum_board,Success,True
.test_1_selenium_view_scrum_board,Total:569 Passed:569 Failed:0
1605867405568,6532,selenium_view_kanban_board,Success,True
.test_1_selenium_view_kanban_board,Total:570 Passed:570 Failed:0
1605867407012,1443,selenium_view_dashboard,Success,True
.test_1_selenium_view_dashboard,Total:571 Passed:571 Failed:0
1605867409738,2723,selenium_view_issue,Success,True
.test_1_selenium_view_issue,Total:572 Passed:572 Failed:0
1605867412464,2725,selenium_project_summary,Success,True
.test_1_selenium_view_project_summary,Total:573 Passed:573 Failed:0
1605867413972,1506,selenium_log_out,Success,True
.test_2_selenium_z_log_out,Total:574 Passed:574 Failed:0


=============================== warnings summary ===============================
../../usr/local/lib/python3.8/dist-packages/_pytest/config/__init__.py:1114
  /usr/local/lib/python3.8/dist-packages/_pytest/config/__init__.py:1114: PytestAssertRewriteWarning: Module already imported so cannot be rewritten: apiritif
    self._mark_plugins_for_rewrite(hook)

-- Docs: https://docs.pytest.org/en/stable/warnings.html
=================== 14 passed, 1 warning in 76.43s (0:01:16) ===================
============================= test session starts ==============================
platform linux -- Python 3.8.0, pytest-6.1.1, py-1.9.0, pluggy-0.13.1
rootdir: /dc-app-performance-toolkit/app
plugins: apiritif-0.9.5
collected 14 items

selenium_ui/jira_ui.py get driver from global
1605867414759,737,selenium_login:open_login_page,Success,True
1605867419109,4350,selenium_login:login_and_view_dashboard,Success,True
1605867419109,5087,selenium_login,Success,True
.test_0_selenium_a_login,Total:575 Passed:575 Failed:0
1605867419841,710,selenium_browse_projects_list,Success,True
.test_1_selenium_browse_projects_list,Total:576 Passed:576 Failed:0
1605867421274,1432,selenium_browse_boards_list,Success,True
.test_1_selenium_browse_boards_list,Total:577 Passed:577 Failed:0
1605867423046,1762,selenium_create_issue:open_quick_create,Success,True
1605867435070,11396,selenium_create_issue:fill_and_submit_issue_form:submit_issue_form,Success,True
1605867435070,12023,selenium_create_issue:fill_and_submit_issue_form,Success,True
1605867435070,13786,selenium_create_issue,Success,True
.test_1_selenium_create_issue,Total:578 Passed:578 Failed:0
1605867436867,1772,selenium_edit_issue:open_edit_issue_form,Success,True
1605867438883,1490,selenium_edit_issue:save_edit_issue_form,Success,True
1605867438883,3788,selenium_edit_issue,Success,True
.test_1_selenium_edit_issue,Total:579 Passed:579 Failed:0
1605867440086,1201,selenium_save_comment:open_comment_form,Success,True
1605867447101,6916,selenium_save_comment:submit_form,Success,True
1605867447101,8217,selenium_save_comment,Success,True
.test_1_selenium_save_comment,Total:580 Passed:580 Failed:0
1605867467387,20284,selenium_search_jql,Success,True
.test_1_selenium_search_jql,Total:581 Passed:581 Failed:0
1605867471309,3921,selenium_view_scrum_board_backlog,Success,True
.test_1_selenium_view_backlog_for_scrum_board,Total:582 Passed:582 Failed:0
1605867474217,2906,selenium_view_scrum_board,Success,True
.test_1_selenium_view_scrum_board,Total:583 Passed:583 Failed:0
1605867479413,5194,selenium_view_kanban_board,Success,True
.test_1_selenium_view_kanban_board,Total:584 Passed:584 Failed:0
1605867480679,1264,selenium_view_dashboard,Success,True
.test_1_selenium_view_dashboard,Total:585 Passed:585 Failed:0
1605867483519,2838,selenium_view_issue,Success,True
.test_1_selenium_view_issue,Total:586 Passed:586 Failed:0
1605867485923,2403,selenium_project_summary,Success,True
.test_1_selenium_view_project_summary,Total:587 Passed:587 Failed:0
1605867487280,1355,selenium_log_out,Success,True
.test_2_selenium_z_log_out,Total:588 Passed:588 Failed:0


=============================== warnings summary ===============================
../../usr/local/lib/python3.8/dist-packages/_pytest/config/__init__.py:1114
  /usr/local/lib/python3.8/dist-packages/_pytest/config/__init__.py:1114: PytestAssertRewriteWarning: Module already imported so cannot be rewritten: apiritif
    self._mark_plugins_for_rewrite(hook)

-- Docs: https://docs.pytest.org/en/stable/warnings.html
=================== 14 passed, 1 warning in 73.27s (0:01:13) ===================
============================= test session starts ==============================
platform linux -- Python 3.8.0, pytest-6.1.1, py-1.9.0, pluggy-0.13.1
rootdir: /dc-app-performance-toolkit/app
plugins: apiritif-0.9.5
collected 14 items

selenium_ui/jira_ui.py get driver from global
1605867488212,883,selenium_login:open_login_page,Success,True
1605867492420,4207,selenium_login:login_and_view_dashboard,Success,True
1605867492420,5091,selenium_login,Success,True
.test_0_selenium_a_login,Total:589 Passed:589 Failed:0
1605867493491,1047,selenium_browse_projects_list,Success,True
.test_1_selenium_browse_projects_list,Total:590 Passed:590 Failed:0
1605867494988,1495,selenium_browse_boards_list,Success,True
.test_1_selenium_browse_boards_list,Total:591 Passed:591 Failed:0
1605867496747,1749,selenium_create_issue:open_quick_create,Success,True
1605867509805,12429,selenium_create_issue:fill_and_submit_issue_form:submit_issue_form,Success,True
1605867509805,13058,selenium_create_issue:fill_and_submit_issue_form,Success,True
1605867509805,14808,selenium_create_issue,Success,True
.test_1_selenium_create_issue,Total:592 Passed:592 Failed:0
1605867511518,1689,selenium_edit_issue:open_edit_issue_form,Success,True
1605867513743,1729,selenium_edit_issue:save_edit_issue_form,Success,True
1605867513743,3915,selenium_edit_issue,Success,True
.test_1_selenium_edit_issue,Total:593 Passed:593 Failed:0
1605867514924,1179,selenium_save_comment:open_comment_form,Success,True
1605867520803,5729,selenium_save_comment:submit_form,Success,True
1605867520803,7058,selenium_save_comment,Success,True
.test_1_selenium_save_comment,Total:594 Passed:594 Failed:0
1605867543149,22344,selenium_search_jql,Success,True
.test_1_selenium_search_jql,Total:595 Passed:595 Failed:0
1605867546410,3260,selenium_view_scrum_board_backlog,Success,True
.test_1_selenium_view_backlog_for_scrum_board,Total:596 Passed:596 Failed:0
1605867548309,1897,selenium_view_scrum_board,Success,True
.test_1_selenium_view_scrum_board,Total:597 Passed:597 Failed:0
1605867554070,5759,selenium_view_kanban_board,Success,True
.test_1_selenium_view_kanban_board,Total:598 Passed:598 Failed:0
1605867555161,1089,selenium_view_dashboard,Success,True
.test_1_selenium_view_dashboard,Total:599 Passed:599 Failed:0
1605867557731,2568,selenium_view_issue,Success,True
.test_1_selenium_view_issue,Total:600 Passed:600 Failed:0
1605867560272,2539,selenium_project_summary,Success,True
.test_1_selenium_view_project_summary,Total:601 Passed:601 Failed:0
1605867562229,1955,selenium_log_out,Success,True
.test_2_selenium_z_log_out,Total:602 Passed:602 Failed:0


=============================== warnings summary ===============================
../../usr/local/lib/python3.8/dist-packages/_pytest/config/__init__.py:1114
  /usr/local/lib/python3.8/dist-packages/_pytest/config/__init__.py:1114: PytestAssertRewriteWarning: Module already imported so cannot be rewritten: apiritif
    self._mark_plugins_for_rewrite(hook)

-- Docs: https://docs.pytest.org/en/stable/warnings.html
=================== 14 passed, 1 warning in 74.91s (0:01:14) ===================
============================= test session starts ==============================
platform linux -- Python 3.8.0, pytest-6.1.1, py-1.9.0, pluggy-0.13.1
rootdir: /dc-app-performance-toolkit/app
plugins: apiritif-0.9.5
collected 14 items

selenium_ui/jira_ui.py get driver from global
1605867562868,590,selenium_login:open_login_page,Success,True
1605867564828,1959,selenium_login:login_and_view_dashboard,Success,True
1605867564828,2549,selenium_login,Success,True
.test_0_selenium_a_login,Total:603 Passed:603 Failed:0
1605867565798,952,selenium_browse_projects_list,Success,True
.test_1_selenium_browse_projects_list,Total:604 Passed:604 Failed:0
1605867567284,1484,selenium_browse_boards_list,Success,True
.test_1_selenium_browse_boards_list,Total:605 Passed:605 Failed:0
1605867569076,1784,selenium_create_issue:open_quick_create,Success,True
1605867580601,10881,selenium_create_issue:fill_and_submit_issue_form:submit_issue_form,Success,True
1605867580601,11525,selenium_create_issue:fill_and_submit_issue_form,Success,True
1605867580601,13309,selenium_create_issue,Success,True
.test_1_selenium_create_issue,Total:606 Passed:606 Failed:0
1605867582737,2114,selenium_edit_issue:open_edit_issue_form,Success,True
1605867585191,2153,selenium_edit_issue:save_edit_issue_form,Success,True
1605867585191,4568,selenium_edit_issue,Success,True
.test_1_selenium_edit_issue,Total:607 Passed:607 Failed:0
1605867586136,943,selenium_save_comment:open_comment_form,Success,True
1605867593570,7333,selenium_save_comment:submit_form,Success,True
1605867593570,8377,selenium_save_comment,Success,True
.test_1_selenium_save_comment,Total:608 Passed:608 Failed:0
1605867613583,20011,selenium_search_jql,Success,True
.test_1_selenium_search_jql,Total:609 Passed:609 Failed:0
1605867617461,3876,selenium_view_scrum_board_backlog,Success,True
.test_1_selenium_view_backlog_for_scrum_board,Total:610 Passed:610 Failed:0
1605867619653,2190,selenium_view_scrum_board,Success,True
.test_1_selenium_view_scrum_board,Total:611 Passed:611 Failed:0
1605867624757,5103,selenium_view_kanban_board,Success,True
.test_1_selenium_view_kanban_board,Total:612 Passed:612 Failed:0
1605867625979,1220,selenium_view_dashboard,Success,True
.test_1_selenium_view_dashboard,Total:613 Passed:613 Failed:0
1605867628621,2641,selenium_view_issue,Success,True
.test_1_selenium_view_issue,Total:614 Passed:614 Failed:0
1605867631449,2826,selenium_project_summary,Success,True
.test_1_selenium_view_project_summary,Total:615 Passed:615 Failed:0
1605867632790,1339,selenium_log_out,Success,True
.test_2_selenium_z_log_out,Total:616 Passed:616 Failed:0


=============================== warnings summary ===============================
../../usr/local/lib/python3.8/dist-packages/_pytest/config/__init__.py:1114
  /usr/local/lib/python3.8/dist-packages/_pytest/config/__init__.py:1114: PytestAssertRewriteWarning: Module already imported so cannot be rewritten: apiritif
    self._mark_plugins_for_rewrite(hook)

-- Docs: https://docs.pytest.org/en/stable/warnings.html
=================== 14 passed, 1 warning in 70.52s (0:01:10) ===================
============================= test session starts ==============================
platform linux -- Python 3.8.0, pytest-6.1.1, py-1.9.0, pluggy-0.13.1
rootdir: /dc-app-performance-toolkit/app
plugins: apiritif-0.9.5
collected 14 items

selenium_ui/jira_ui.py get driver from global
1605867633596,750,selenium_login:open_login_page,Success,True
1605867638265,4668,selenium_login:login_and_view_dashboard,Success,True
1605867638265,5419,selenium_login,Success,True
.test_0_selenium_a_login,Total:617 Passed:617 Failed:0
1605867639479,1192,selenium_browse_projects_list,Success,True
.test_1_selenium_browse_projects_list,Total:618 Passed:618 Failed:0
1605867640723,1242,selenium_browse_boards_list,Success,True
.test_1_selenium_browse_boards_list,Total:619 Passed:619 Failed:0
1605867642618,1886,selenium_create_issue:open_quick_create,Success,True
1605867652600,9353,selenium_create_issue:fill_and_submit_issue_form:submit_issue_form,Success,True
1605867652600,9981,selenium_create_issue:fill_and_submit_issue_form,Success,True
1605867652600,11868,selenium_create_issue,Success,True
.test_1_selenium_create_issue,Total:620 Passed:620 Failed:0
1605867654496,1879,selenium_edit_issue:open_edit_issue_form,Success,True
1605867656802,1757,selenium_edit_issue:save_edit_issue_form,Success,True
1605867656802,4185,selenium_edit_issue,Success,True
.test_1_selenium_edit_issue,Total:621 Passed:621 Failed:0
1605867657793,989,selenium_save_comment:open_comment_form,Success,True
1605867664386,6493,selenium_save_comment:submit_form,Success,True
1605867664386,7582,selenium_save_comment,Success,True
.test_1_selenium_save_comment,Total:622 Passed:622 Failed:0
1605867684940,20552,selenium_search_jql,Success,True
.test_1_selenium_search_jql,Total:623 Passed:623 Failed:0
1605867689433,4492,selenium_view_scrum_board_backlog,Success,True
.test_1_selenium_view_backlog_for_scrum_board,Total:624 Passed:624 Failed:0
1605867691822,2387,selenium_view_scrum_board,Success,True
.test_1_selenium_view_scrum_board,Total:625 Passed:625 Failed:0
1605867695340,3516,selenium_view_kanban_board,Success,True
.test_1_selenium_view_kanban_board,Total:626 Passed:626 Failed:0
1605867696603,1261,selenium_view_dashboard,Success,True
.test_1_selenium_view_dashboard,Total:627 Passed:627 Failed:0
1605867699142,2538,selenium_view_issue,Success,True
.test_1_selenium_view_issue,Total:628 Passed:628 Failed:0
1605867702282,3139,selenium_project_summary,Success,True
.test_1_selenium_view_project_summary,Total:629 Passed:629 Failed:0
1605867704126,1842,selenium_log_out,Success,True
.test_2_selenium_z_log_out,Total:630 Passed:630 Failed:0


=============================== warnings summary ===============================
../../usr/local/lib/python3.8/dist-packages/_pytest/config/__init__.py:1114
  /usr/local/lib/python3.8/dist-packages/_pytest/config/__init__.py:1114: PytestAssertRewriteWarning: Module already imported so cannot be rewritten: apiritif
    self._mark_plugins_for_rewrite(hook)

-- Docs: https://docs.pytest.org/en/stable/warnings.html
=================== 14 passed, 1 warning in 71.30s (0:01:11) ===================
============================= test session starts ==============================
platform linux -- Python 3.8.0, pytest-6.1.1, py-1.9.0, pluggy-0.13.1
rootdir: /dc-app-performance-toolkit/app
plugins: apiritif-0.9.5
collected 14 items

selenium_ui/jira_ui.py get driver from global
1605867704901,726,selenium_login:open_login_page,Success,True
1605867706735,1834,selenium_login:login_and_view_dashboard,Success,True
1605867706735,2560,selenium_login,Success,True
.test_0_selenium_a_login,Total:631 Passed:631 Failed:0
1605867707657,911,selenium_browse_projects_list,Success,True
.test_1_selenium_browse_projects_list,Total:632 Passed:632 Failed:0
1605867709201,1542,selenium_browse_boards_list,Success,True
.test_1_selenium_browse_boards_list,Total:633 Passed:633 Failed:0
1605867710911,1702,selenium_create_issue:open_quick_create,Success,True
1605867721915,10378,selenium_create_issue:fill_and_submit_issue_form:submit_issue_form,Success,True
1605867721916,11004,selenium_create_issue:fill_and_submit_issue_form,Success,True
1605867721916,12706,selenium_create_issue,Success,True
.test_1_selenium_create_issue,Total:634 Passed:634 Failed:0
1605867723742,1807,selenium_edit_issue:open_edit_issue_form,Success,True
1605867726308,1775,selenium_edit_issue:save_edit_issue_form,Success,True
1605867726308,4373,selenium_edit_issue,Success,True
.test_1_selenium_edit_issue,Total:635 Passed:635 Failed:0
1605867727426,1116,selenium_save_comment:open_comment_form,Success,True
1605867735032,7504,selenium_save_comment:submit_form,Success,True
1605867735032,8721,selenium_save_comment,Success,True
.test_1_selenium_save_comment,Total:636 Passed:636 Failed:0
1605867754967,19934,selenium_search_jql,Success,True
.test_1_selenium_search_jql,Total:637 Passed:637 Failed:0
1605867759098,4129,selenium_view_scrum_board_backlog,Success,True
.test_1_selenium_view_backlog_for_scrum_board,Total:638 Passed:638 Failed:0
1605867762538,3439,selenium_view_scrum_board,Success,True
.test_1_selenium_view_scrum_board,Total:639 Passed:639 Failed:0
1605867767610,5071,selenium_view_kanban_board,Success,True
.test_1_selenium_view_kanban_board,Total:640 Passed:640 Failed:0
1605867768958,1346,selenium_view_dashboard,Success,True
.test_1_selenium_view_dashboard,Total:641 Passed:641 Failed:0
1605867771821,2861,selenium_view_issue,Success,True
.test_1_selenium_view_issue,Total:642 Passed:642 Failed:0
1605867774903,3079,selenium_project_summary,Success,True
.test_1_selenium_view_project_summary,Total:643 Passed:643 Failed:0
1605867776423,1519,selenium_log_out,Success,True
.test_2_selenium_z_log_out,Total:644 Passed:644 Failed:0


=============================== warnings summary ===============================
../../usr/local/lib/python3.8/dist-packages/_pytest/config/__init__.py:1114
  /usr/local/lib/python3.8/dist-packages/_pytest/config/__init__.py:1114: PytestAssertRewriteWarning: Module already imported so cannot be rewritten: apiritif
    self._mark_plugins_for_rewrite(hook)

-- Docs: https://docs.pytest.org/en/stable/warnings.html
=================== 14 passed, 1 warning in 72.26s (0:01:12) ===================
